<?xml version="1.0" encoding="UTF-8"?>
<testExecutions version="1">
  <file path="/home/runner/work/atm-layer-web-console/atm-layer-web-console/src/components/Commons/__tests__/Commons.test.tsx">
    <testCase name="resetErrors reset specific error" duration="7"/>
    <testCase name="resetErrors should not reset a specific field error if it does not exist" duration="1"/>
    <testCase name="getQueryString querystring PROCESS_RESOURCES" duration="1"/>
    <testCase name="getQueryString querystring RESOURCES" duration="1"/>
    <testCase name="getQueryString querystring WORKFLOW_RESOURCE" duration="1"/>
    <testCase name="getQueryString querystring DELETE_ASSOCIATION" duration="0"/>
    <testCase name="getQueryString querystring driver not present" duration="1"/>
    <testCase name="getQueryString handleSnackbar success" duration="2"/>
    <testCase name="getQueryString handleSnackbar error" duration="2"/>
    <testCase name="getQueryString breadCrumbLinkComponent render link and message" duration="46"/>
    <testCase name="commonBreadRoot generate link for BPMN" duration="1"/>
    <testCase name="commonBreadRoot generate link for BPMN detail page" duration="1"/>
    <testCase name="commonBreadRoot generate link for Static Resource" duration="0"/>
    <testCase name="commonBreadRoot generate link for Static Resource detail page" duration="0"/>
    <testCase name="commonBreadRoot generate link for Workflow Resource" duration="0"/>
    <testCase name="commonBreadRoot generate link for Workflow Resource detail page" duration="0"/>
    <testCase name="getTextModal check for title and message in cases" duration="2"/>
    <testCase name="getTextModal check error in default case" duration="0"/>
    <testCase name="Test removeArrayItems method removes undefined indexes, orders them, removes corresponding items from array" duration="0"/>
    <testCase name="Test removeArrayItem remove item from array defined" duration="1"/>
    <testCase name="getProfileIdsArray should return profile ids array" duration="0"/>
    <testCase name="getProfileDescriptions should return profile descriptions array" duration="8"/>
    <testCase name="getProfileDescriptionByProfileArray should return profile descriptions by profile array" duration="0"/>
    <testCase name="getRoleDescriptionsByUser should return role descriptions by user" duration="0"/>
    <testCase name="getFilteredButtonConfig should return filtered button configs" duration="1"/>
    <testCase name="addDependentProfiles should return dependent profiles" duration="0"/>
    <testCase name="getProfileDescriptionFromStorage should return profile ids array from storage" duration="1"/>
    <testCase name="convertStringToProfiles should convert profile descriptions to profile ids" duration="0"/>
    <testCase name="convertProfileToString should convert profile ids to profile descriptions" duration="0"/>
  </file>
  <file path="/home/runner/work/atm-layer-web-console/atm-layer-web-console/src/hook/Grids/__tests__/useColumns.test.ts">
    <testCase name="useColumns should return correct navigation paths for PROCESS_RESOURCES" duration="3"/>
    <testCase name="useColumns should return correct navigation paths for RESOURCES" duration="0"/>
    <testCase name="useColumns should return correct navigation paths for WORKFLOW_RESOURCE" duration="0"/>
    <testCase name="useColumns should return correct record BPMN params" duration="1"/>
    <testCase name="useColumns should return correct columns for PROCESS_RESOURCES" duration="8"/>
    <testCase name="useColumns should return correct columns for BPMN_ASSOCIATED" duration="29"/>
    <testCase name="useColumns should return correct columns for RESOURCES" duration="2"/>
    <testCase name="useColumns should return correct columns for WORKFLOW_RESOURCE" duration="2"/>
    <testCase name="useColumns should return correct visible columns for PROCESS_RESOURCES" duration="0"/>
    <testCase name="useColumns should return correct visible columns for BPMN_ASSOCIATED" duration="1"/>
    <testCase name="useColumns should return correct visible columns for RESOURCES" duration="0"/>
    <testCase name="useColumns should return correct visible columns for WORKFLOW_RESOURCE" duration="1"/>
    <testCase name="useColumns should generate correct path for invalid driver" duration="0"/>
    <testCase name="useColumns should return empty array for invalid driver in getColumnsGrid" duration="0"/>
    <testCase name="useColumns should return empty object for invalid driver in getVisibleColumns" duration="1"/>
    <testCase name="useColumns should return empty object for invalid driver in getRecordBpmnParams" duration="0"/>
  </file>
  <file path="/home/runner/work/atm-layer-web-console/atm-layer-web-console/src/components/DataGrid/Filters/__tests__/FilterBar.test.tsx">
    <testCase name="FilterBar test Test FilterBar without driver" duration="81"/>
    <testCase name="FilterBar test Test FilterBar with PROCESS_RESOURCES and Click on Cancella Filtri and Crea Risorsa" duration="167"/>
    <testCase name="FilterBar test Test FilterBar with PROCESS_RESOURCES and Filter with all the filters" duration="75"/>
    <testCase name="FilterBar test Test FilterBar with PROCESS_RESOURCES and Filter with status" duration="103"/>
    <testCase name="FilterBar test Test FilterBar with RESOURCES and Click on Cancella Filtri and Crea Risorsa" duration="82"/>
    <testCase name="FilterBar test Test FilterBar with RESOURCES and Filter with fileName" duration="53"/>
    <testCase name="FilterBar test Test FilterBar with RESOURCES and Filter with noDeployableResourceType from some value to empty" duration="29"/>
    <testCase name="FilterBar test Test FilterBar with WORKFLOW_RESOURCE and click on Crea Risorsa and Cancella Filtri" duration="51"/>
    <testCase name="FilterBar test Test FilterBar with WORKFLOW_RESOURCE and Filter with fileName" duration="38"/>
    <testCase name="FilterBar test Test FilterBar with WORKFLOW_RESOURCE and Filter with resourceType from some value to empty" duration="41"/>
    <testCase name="FilterBar test Test FilterBar with WORKFLOW_RESOURCE and Filter with status from some value to empty" duration="45"/>
    <testCase name="FilterBar test Test FilterBar with BANKS and Filter with acquirerId" duration="19"/>
    <testCase name="FilterBar test Test FilterBar with BANKS and Filter with denomination" duration="28"/>
    <testCase name="FilterBar test Test FilterBar with USERS and Filter with name" duration="27"/>
    <testCase name="FilterBar test Test FilterBar with USERS and Filter with surname" duration="40"/>
    <testCase name="FilterBar test Test FilterBar with USERS and Filter with userId" duration="19"/>
    <testCase name="FilterBar test Test FilterBar with USERS and Filter with profileIds" duration="21"/>
    <testCase name="FilterBar test Test FilterBar with USERS and Click on Cancella Filtri and Filtra" duration="27"/>
  </file>
  <file path="/home/runner/work/atm-layer-web-console/atm-layer-web-console/src/components/DataGrid/__tests__/BanksDataGrid.test.tsx">
    <testCase name="BankDataGrid test BankDataGrid fetches and displays data on load" duration="354"/>
    <testCase name="BankDataGrid test BankDataGrid shows no rows overlay when there are no results" duration="161"/>
    <testCase name="BankDataGrid test BankDataGrid handles fetch error gracefully" duration="173"/>
    <testCase name="BankDataGrid test BankDataGrid handles empty response" duration="111"/>
    <testCase name="BankDataGrid test BankDataGrid can apply filters and fetch filtered data" duration="259"/>
  </file>
  <file path="/home/runner/work/atm-layer-web-console/atm-layer-web-console/src/components/FormComponents/FormsBpmn/__tests__/AssociateBpmn.test.tsx">
    <testCase name="AssociateBpmn Test AssociateBpmn with invalid form" duration="106"/>
    <testCase name="AssociateBpmn Test AssociateBpmn With only acquirerId positive case" duration="87"/>
    <testCase name="AssociateBpmn Test AssociateBpmn With only acquirerId negative case with already an association on another BPMN" duration="60"/>
    <testCase name="AssociateBpmn Test AssociateBpmn With only acquirerId negative case with already an association on another BPMN catch case" duration="61"/>
    <testCase name="AssociateBpmn Test AssociateBpmn on switch of branchId" duration="247"/>
    <testCase name="AssociateBpmn Test AssociateBpmn fetch failed" duration="41"/>
    <testCase name="AssociateBpmn Test handleSwitchAssociationFetch indirectly by simulating button click" duration="35"/>
  </file>
  <file path="/home/runner/work/atm-layer-web-console/atm-layer-web-console/src/components/FormComponents/template/__tests__/ModalTemplateUpload.test.tsx">
    <testCase name="ModalTemplateUpload Test Test ModalTemplateUpload case UPDATE_WR" duration="159"/>
    <testCase name="ModalTemplateUpload Test Test Check Error when UPDATE_WR" duration="49"/>
    <testCase name="ModalTemplateUpload Test Test clear button in UPDATE_WR" duration="39"/>
    <testCase name="ModalTemplateUpload Test Test ModalTemplateUpload case UPDATE_RES" duration="36"/>
    <testCase name="ModalTemplateUpload Test Test dialog close" duration="30"/>
    <testCase name="ModalTemplateUpload Test Test dialog close" duration="27"/>
    <testCase name="ModalTemplateUpload Test Test form validation" duration="31"/>
    <testCase name="ModalTemplateUpload Test Test ModalTemplateUpload case UPDATE_RES" duration="35"/>
    <testCase name="ModalTemplateUpload Test Test Check Error when UPDATE_RES" duration="39"/>
    <testCase name="ModalTemplateUpload Test Update with different file extensions should fail" duration="23"/>
  </file>
  <file path="/home/runner/work/atm-layer-web-console/atm-layer-web-console/src/components/DataGrid/__tests__/UsersDataGrid.test.tsx">
    <testCase name="UsersDataGrid test renders UsersDataGrid and loads data" duration="244"/>
    <testCase name="UsersDataGrid test opens ModalUsers on create user click" duration="236"/>
    <testCase name="UsersDataGrid test UsersDataGrid Test with empty table" duration="120"/>
    <testCase name="UsersDataGrid test UsersDataGrid Test without response" duration="91"/>
    <testCase name="UsersDataGrid test UsersDataGrid Test Catch Error" duration="94"/>
  </file>
  <file path="/home/runner/work/atm-layer-web-console/atm-layer-web-console/src/components/FormComponents/FormsResources/__tests__/CreateResources.test.tsx">
    <testCase name="CreateResources Test Test CreateResources Single Upload" duration="287"/>
    <testCase name="CreateResources Test Test CreateResources Multi Upload: switch to multiupload form" duration="151"/>
    <testCase name="CreateResources Test Test CreateResources Multi Upload: upload and delete files" duration="251"/>
    <testCase name="CreateResources Test Test CreateResources Multi Upload: upload files 200 OK" duration="157"/>
    <testCase name="CreateResources Test Test CReateResources Multi Upload: validate filenames on submit" duration="138"/>
  </file>
  <file path="/home/runner/work/atm-layer-web-console/atm-layer-web-console/src/components/FormComponents/FormsBpmn/__tests__/UpgradeBpmn.test.tsx">
    <testCase name="UpgradeBpmn Submit form with valid input" duration="112"/>
    <testCase name="UpgradeBpmn Test UpgradeBpmn fetch failed" duration="66"/>
    <testCase name="UpgradeBpmn Submit form with invalid input" duration="49"/>
    <testCase name="UpgradeBpmn Test UpgradeBpmn delete uploaded file" duration="53"/>
    <testCase name="UpgradeBpmn Test UpgradeBpmn fetch error" duration="33"/>
  </file>
  <file path="/home/runner/work/atm-layer-web-console/atm-layer-web-console/src/components/FormComponents/FormsBpmn/__tests__/ModalBpmn.test.tsx">
    <testCase name="ModalBpmn Test Test ModalBpmn with DELETE" duration="181"/>
    <testCase name="ModalBpmn Test Test ModalBpmn with DEPLOY" duration="3044"/>
    <testCase name="ModalBpmn Test Test ModalBpmn with DELETE ASSOCIATION" duration="20"/>
    <testCase name="ModalBpmn Test Test Error during DELETE" duration="19"/>
    <testCase name="ModalBpmn Test Test Error during DEPLOY" duration="24"/>
    <testCase name="ModalBpmn Test Test Error during DELETE ASSOCIATION" duration="13"/>
    <testCase name="ModalBpmn Test Test Error during DOWNLOAD" duration="20"/>
    <testCase name="ModalBpmn Test Test ModalBpmn with DOWNLOAD" duration="20"/>
    <testCase name="ModalBpmn Test Test ModalBpmn without type" duration="22"/>
  </file>
  <file path="/home/runner/work/atm-layer-web-console/atm-layer-web-console/src/components/Commons/__tests__/ActionAlert.test.tsx">
    <testCase name="ActionAlert render with error" duration="57"/>
    <testCase name="ActionAlert render with warning" duration="10"/>
    <testCase name="ActionAlert render without openSnackBar" duration="2"/>
    <testCase name="ActionAlert navigate to RESOURCES when type is DELETE_RES" duration="10"/>
    <testCase name="ActionAlert navigate to WORKFLOW_RESOURCES when type is DELETE_WR" duration="11"/>
    <testCase name="ActionAlert reload page when type is included in DEPLOY_VALUES" duration="7"/>
    <testCase name="ActionAlert navigate to BPMN when type is DELETE_BPMN with success" duration="11"/>
    <testCase name="ActionAlert navigate to WR when type is DELETE_WR" duration="15"/>
    <testCase name="ActionAlert navigate to Resources when type is DELETE_RES" duration="13"/>
    <testCase name="ActionAlert setOpenSnackBar(false) when type is not in DEPLOY_VALUES and not matching any other case" duration="8"/>
  </file>
  <file path="/home/runner/work/atm-layer-web-console/atm-layer-web-console/src/components/DataGrid/__tests__/TableColumn.test.tsx">
    <testCase name="TableColumn test Test showCustomHeader" duration="31"/>
    <testCase name="TableColumn test Test renderCell" duration="17"/>
    <testCase name="TableColumn test Test actionColumn" duration="17"/>
    <testCase name="TableColumn test Test deleteColumn" duration="8"/>
    <testCase name="TableColumn test Test deleteColumnBank" duration="6"/>
    <testCase name="TableColumn test Test deleteColumnUsers" duration="6"/>
  </file>
  <file path="/home/runner/work/atm-layer-web-console/atm-layer-web-console/src/components/FormComponents/FormsBank/__tests__/ModalBank.test.tsx">
    <testCase name="ModalBank component renders correctly for CREATE_BANK" duration="222"/>
    <testCase name="ModalBank component renders correctly for UPDATE_BANK" duration="88"/>
    <testCase name="ModalBank component renders correctly for DELETE_BANK" duration="21"/>
    <testCase name="ModalBank component handles form submission for DELETE_BANK" duration="60"/>
    <testCase name="ModalBank component handles form submission for CREATE_BANK with valid data" duration="168"/>
    <testCase name="ModalBank component handles form submission for UPDATE_BANK with valid data" duration="142"/>
    <testCase name="ModalBank component handles close modal" duration="41"/>
    <testCase name="ModalBank component handles validation errors for CREATE_BANK" duration="80"/>
    <testCase name="ModalBank component handles validation errors for UPDATE_BANK" duration="119"/>
  </file>
  <file path="/home/runner/work/atm-layer-web-console/atm-layer-web-console/src/utils/__tests__/formatValues.test.ts">
    <testCase name="formatValues tests Verifica la formattazione di un valore vuoto" duration="2"/>
    <testCase name="formatValues tests Verifica la formattazione di due valori" duration="1"/>
    <testCase name="formatValues tests Verifica la formattazione di una percentuale e di una valuta" duration="0"/>
    <testCase name="formatValues tests Verifica la conversione di una stringa con separatore decimale da , a . in float" duration="1"/>
    <testCase name="formatValues tests Verifica la formattazione di una stringa di data nel formato &quot;gg-mm-aaaa&quot; in &quot;aaaa-mm-gg&quot;" duration="1"/>
    <testCase name="formatValues tests Verifica la formattazione di una data in una stringa nel formato &quot;hh:mm&quot;" duration="1"/>
    <testCase name="formatValues tests Verifica la formattazione di una data per un picker" duration="1"/>
    <testCase name="formatValues tests Verifica estrazione anno da una stringa di data" duration="0"/>
    <testCase name="formatValues tests Verifica la formattazione di una data da &quot;gg/mm/aaaa&quot; a &quot;mm/gg/aaaa&quot;" duration="1"/>
    <testCase name="formatValues tests Verifica la creazione della data" duration="1"/>
    <testCase name="formatValues tests Verifica la formattazione di una stringa di data" duration="0"/>
    <testCase name="formatValues tests Verifica la funzione checkValue" duration="0"/>
    <testCase name="formatValues tests Verifica la funzione checkEmpty" duration="1"/>
    <testCase name="formatValues tests Verifica la formattazione del percentuale" duration="0"/>
    <testCase name="formatValues tests Verifica la formattazione della valuta" duration="0"/>
    <testCase name="formatValues tests Verifica la combinazione di due valori" duration="1"/>
    <testCase name="formatValues tests Verifica la formattazione in minuscolo con valore" duration="0"/>
    <testCase name="formatValues tests Verifica la formattazione in minuscolo senza valore" duration="0"/>
    <testCase name="formatValues tests Verifica la formattazione della data" duration="1"/>
    <testCase name="formatValues tests Estrai estensione file" duration="0"/>
  </file>
  <file path="/home/runner/work/atm-layer-web-console/atm-layer-web-console/src/components/FormComponents/FormsWorkflowResource/__tests__/ModalWR.test.tsx">
    <testCase name="ModalResources Test Test ModalWR with ROLLBACK" duration="175"/>
    <testCase name="ModalResources Test Test Catch Error during ROLLBACK" duration="40"/>
    <testCase name="ModalResources Test Test ModalWR with DEPLOY" duration="3045"/>
    <testCase name="ModalResources Test Test Catch Error during DEPLOY" duration="51"/>
    <testCase name="ModalResources Test Test ModalWR with DELETE" duration="43"/>
    <testCase name="ModalResources Test Test Catch Error during DELETE" duration="41"/>
    <testCase name="ModalResources Test Test ModalWR with DOWNLOAD DMN" duration="3040"/>
    <testCase name="ModalResources Test Test ModalWR with DOWNLOAD BPMN" duration="3069"/>
    <testCase name="ModalResources Test Test ModalWR with DOWNLOAD FORM" duration="3038"/>
    <testCase name="ModalResources Test Test Catch Error during DOWNLOAD" duration="49"/>
  </file>
  <file path="/home/runner/work/atm-layer-web-console/atm-layer-web-console/src/components/FormComponents/FormUsers/__tests__/ModalUser.test.tsx">
    <testCase name="ModalUsers component renders correctly for CREATE_USER" duration="123"/>
    <testCase name="ModalUsers component renders correctly for UPDATE_USER" duration="83"/>
    <testCase name="ModalUsers component renders correctly for DELETE_USER" duration="23"/>
    <testCase name="ModalUsers component renders correctly for UPDATE_FIRST_USER" duration="85"/>
    <testCase name="ModalUsers component handles form submission for DELETE_USER" duration="89"/>
    <testCase name="ModalUsers component handles form submission for UPDATE_USER" duration="119"/>
    <testCase name="ModalUsers component handles multi-select change" duration="98"/>
    <testCase name="ModalUsers component handles close modal" duration="50"/>
    <testCase name="ModalUsers component handles validation errors for UPDATE_USER" duration="95"/>
  </file>
  <file path="/home/runner/work/atm-layer-web-console/atm-layer-web-console/src/components/Commons/__tests__/DetailButtons.test.tsx">
    <testCase name="DetailButtons renders buttons with correct text" duration="44"/>
    <testCase name="DetailButtons calls setType and openDialog when button is clicked" duration="17"/>
    <testCase name="DetailButtons navigates to correct route when navigate property is provided" duration="15"/>
    <testCase name="DetailButtons disables button when disabledCondition is true" duration="7"/>
    <testCase name="DetailButtons does not call setType, openDialog, or navigate when button is clicked and disabledCondition is true" duration="8"/>
    <testCase name="DetailButtons does not navigate when navigate property is not provided" duration="6"/>
    <testCase name="DetailButtons does not call setType, openDialog, or navigate when button is clicked and disabledCondition is not provided" duration="13"/>
  </file>
  <file path="/home/runner/work/atm-layer-web-console/atm-layer-web-console/src/components/DataGrid/__tests__/WorkflowResourceDataGrid.test.tsx">
    <testCase name="WorkflowResourceDataGrid test WorkflowResourceDataGrid.test Test" duration="565"/>
    <testCase name="WorkflowResourceDataGrid test WorkflowResourceDataGrid.test Test with empty table" duration="180"/>
    <testCase name="WorkflowResourceDataGrid test WorkflowResourceDataGrid Test without response" duration="164"/>
    <testCase name="WorkflowResourceDataGrid test WorkflowResourceDataGrid Catch Error" duration="141"/>
  </file>
  <file path="/home/runner/work/atm-layer-web-console/atm-layer-web-console/src/components/DataGrid/__tests__/ResourcesDataGrid.test.tsx">
    <testCase name="ResourcesDataGrid test ResourcesDataGrid.test Test" duration="518"/>
    <testCase name="ResourcesDataGrid test ResourcesDataGrid.test Test with empty table" duration="139"/>
    <testCase name="ResourcesDataGrid test ResourcesDataGrid Test without response" duration="149"/>
    <testCase name="ResourcesDataGrid test ResourcesDataGrid Test Catch Error" duration="117"/>
  </file>
  <file path="/home/runner/work/atm-layer-web-console/atm-layer-web-console/src/components/HeaderComponents/__tests__/HeaderAccountCustom.test.tsx">
    <testCase name="HeaderAccountCustom renders HeaderAccountCustom component with EmulatorButton" duration="116"/>
    <testCase name="HeaderAccountCustom logout button works" duration="29"/>
  </file>
  <file path="/home/runner/work/atm-layer-web-console/atm-layer-web-console/src/components/DataGrid/__tests__/BpmnDataGrid.test.tsx">
    <testCase name="BpmnDataGrid test BpmnDataGrid Test" duration="512"/>
    <testCase name="BpmnDataGrid test BpmnDatgrid Test with empty table" duration="182"/>
    <testCase name="BpmnDataGrid test BpmnDaGrid Test without response" duration="166"/>
    <testCase name="BpmnDataGrid test BpmnDaGrid Test with fetch error" duration="132"/>
  </file>
  <file path="/home/runner/work/atm-layer-web-console/atm-layer-web-console/src/components/DataGrid/__tests__/BpmnAssociatedDataGrid.test.tsx">
    <testCase name="BpmnAssociatedDataGrid test BpmnAssociatedDataGrid Test with next page click" duration="219"/>
    <testCase name="BpmnAssociatedDataGrid test BpmnAssociatedDataGrid Test with empty table" duration="81"/>
    <testCase name="BpmnAssociatedDataGrid test BpmnAssociatedDataGrid Test without response" duration="62"/>
    <testCase name="BpmnAssociatedDataGrid test BpmnAssociatedDataGrid Test with fetch error" duration="66"/>
  </file>
  <file path="/home/runner/work/atm-layer-web-console/atm-layer-web-console/src/pages/Layout/__tests__/PageLayout.test.tsx">
    <testCase name="PageLayout test Test render PageLayout component with loading false and no userEmail nor token" duration="60"/>
    <testCase name="PageLayout test Test render PageLayout component with loading true and no userEmail with token" duration="11"/>
  </file>
  <file path="/home/runner/work/atm-layer-web-console/atm-layer-web-console/src/components/FormComponents/FormsBpmn/__tests__/CreateBpmn.test.tsx">
    <testCase name="CreateBpmn Test Test CreateBpmn" duration="239"/>
    <testCase name="CreateBpmn Test Test CreateBpmn fetch error" duration="181"/>
  </file>
  <file path="/home/runner/work/atm-layer-web-console/atm-layer-web-console/src/pages/WorkflowResource/__tests__/WorkflowResourceDetailPage.test.tsx">
    <testCase name="Test WorkflowResourceDetailPage Test WorkflowResourceDetailPage with sessionStorage" duration="161"/>
    <testCase name="Test WorkflowResourceDetailPage Test WorkflowResourceDetailPage without sessionStorage" duration="64"/>
  </file>
  <file path="/home/runner/work/atm-layer-web-console/atm-layer-web-console/src/components/HeaderComponents/__tests__/Header.test.tsx">
    <testCase name="Header test Test render Header component with login false" duration="82"/>
    <testCase name="Header test Test render Header component with login true" duration="24"/>
  </file>
  <file path="/home/runner/work/atm-layer-web-console/atm-layer-web-console/src/utils/__tests__/checks.test.ts">
    <testCase name="checks tests checkIsEmptyString restituisce true per stringhe vuote o con solo spazi" duration="2"/>
    <testCase name="checks tests isObjectEmpty restituisce true se l&apos;oggetto è vuoto, altrimenti false" duration="1"/>
    <testCase name="checks tests copyObject restituisce una copia profonda dell&apos;oggetto" duration="0"/>
    <testCase name="checks tests Restituisce una copia profonda di un array di oggetti" duration="0"/>
    <testCase name="checks tests isInvalidField restituisce true se il campo è undefined, null, una stringa vuota o un numero negativo" duration="1"/>
    <testCase name="checks tests isValidNumber restituisce true se una stringa rappresenta un numero intero valido" duration="0"/>
    <testCase name="checks tests isValidResourcesFilename restituisce true se il nome del file per risorse è valido" duration="1"/>
    <testCase name="checks tests isValidDeployableFilename restituisce true se il nome del file per il deploy è valido" duration="1"/>
    <testCase name="checks tests Restituisce undefined per un percorso valido con un nome file non valido" duration="0"/>
    <testCase name="checks tests Restituisce undefined per un percorso non valido" duration="1"/>
    <testCase name="checks tests Restituisce undefined per un percorso vuoto" duration="0"/>
  </file>
  <file path="/home/runner/work/atm-layer-web-console/atm-layer-web-console/src/components/FormComponents/FormsResources/__tests__/ModalResources.test.tsx">
    <testCase name="ModalResources Test Test ModalResources with DELETE" duration="133"/>
    <testCase name="ModalResources Test Test ModalResources with DOWNLOAD" duration="3025"/>
    <testCase name="ModalResources Test Test Catch Error during DELETE" duration="37"/>
    <testCase name="ModalResources Test Test Error during DOWNLOAD" duration="16"/>
  </file>
  <file path="/home/runner/work/atm-layer-web-console/atm-layer-web-console/src/pages/Resources/__tests__/ResourcesDetailPage.test.tsx">
    <testCase name="ResourcesDetailPage test Test ResourcesDetailPage with sessionStorage" duration="159"/>
    <testCase name="ResourcesDetailPage test Test ResourcesDetailPage without sessionStorage" duration="37"/>
  </file>
  <file path="/home/runner/work/atm-layer-web-console/atm-layer-web-console/src/pages/Users/__tests__/UsersPage.test.tsx">
    <testCase name="UsersPage test renders UsersPage and checks initial state" duration="394"/>
    <testCase name="UsersPage test renders UsersPage and open first user modal" duration="292"/>
  </file>
  <file path="/home/runner/work/atm-layer-web-console/atm-layer-web-console/src/App.test.tsx">
    <testCase name="App component Test App without jwt in sessionStorage" duration="146"/>
    <testCase name="App component Test App with jwt in sessionStorage" duration="63"/>
    <testCase name="App component clearStorage function removes recordParamsUser from sessionStorage" duration="19"/>
    <testCase name="App component clearStorage function removes specified items from sessionStorage" duration="18"/>
  </file>
  <file path="/home/runner/work/atm-layer-web-console/atm-layer-web-console/src/components/FormComponents/FormsWorkflowResource/__tests__/CreateWR.test.tsx">
    <testCase name="CreateWR Test Test CreateWR" duration="259"/>
  </file>
  <file path="/home/runner/work/atm-layer-web-console/atm-layer-web-console/src/components/FormComponents/template/__tests__/FormTemplate.test.tsx">
    <testCase name="Test FormTemplate Test FormTemplate with children AssociateBpmn" duration="355"/>
  </file>
  <file path="/home/runner/work/atm-layer-web-console/atm-layer-web-console/src/components/FormComponents/__tests__/MultiSelect.test.tsx">
    <testCase name="MultiSelect component renders the checkbox with correct icon" duration="413"/>
    <testCase name="MultiSelect component renders selected checkbox with correct icon" duration="237"/>
    <testCase name="MultiSelect component calls handleChange with completeProfiles on change" duration="251"/>
  </file>
  <file path="/home/runner/work/atm-layer-web-console/atm-layer-web-console/src/pages/Bpmn/__tests__/BpmnDetailPage.test.tsx">
    <testCase name="BpmnDetailPage Test BpmnDetailPage with sessionStorage" duration="495"/>
    <testCase name="BpmnDetailPage Test BpmnDetailPage without sessionStorage" duration="100"/>
  </file>
  <file path="/home/runner/work/atm-layer-web-console/atm-layer-web-console/src/components/NavigationComponents/__tests__/EmulatorButton.test.tsx">
    <testCase name="EmulatorButton renders the button when user has EMULATOR profile" duration="51"/>
    <testCase name="EmulatorButton does not render the button when user does not have EMULATOR profile" duration="3"/>
    <testCase name="EmulatorButton opens the emulator URL in a new tab when clicked" duration="14"/>
    <testCase name="EmulatorButton opens the emulator URL without JWT in a new tab when JWT is not available" duration="14"/>
  </file>
  <file path="/home/runner/work/atm-layer-web-console/atm-layer-web-console/src/components/FormComponents/template/__tests__/MultiSelect.test.tsx">
    <testCase name="MultiSelect component renders MultiSelect component correctly" duration="90"/>
    <testCase name="MultiSelect component shows error when there are errors" duration="30"/>
  </file>
  <file path="/home/runner/work/atm-layer-web-console/atm-layer-web-console/src/pages/__tests__/LoginPage.test.tsx">
    <testCase name="LoginPage renders without crashing" duration="67"/>
    <testCase name="LoginPage Test render and click Accedi no debug" duration="13"/>
    <testCase name="LoginPage Test render and click Accedi with debug" duration="17"/>
  </file>
  <file path="/home/runner/work/atm-layer-web-console/atm-layer-web-console/src/components/UploadFileComponents/__tests__/UploadFileWithButton.test.tsx">
    <testCase name="UploadFileWithButton Clear Uploaded File" duration="53"/>
    <testCase name="UploadFileWithButton Upload Allowed File" duration="15"/>
    <testCase name="UploadFileWithButton Uploaded File With Error" duration="28"/>
    <testCase name="UploadFileWithButton No File Uploaded With Error" duration="7"/>
  </file>
  <file path="/home/runner/work/atm-layer-web-console/atm-layer-web-console/src/components/HeaderComponents/__tests__/Logo.test.tsx">
    <testCase name="HeaderAccountCustom test First render" duration="67"/>
  </file>
  <file path="/home/runner/work/atm-layer-web-console/atm-layer-web-console/src/pages/Resources/__tests__/ResourcesPage.test.tsx">
    <testCase name="ResourcesPage test First render" duration="308"/>
  </file>
  <file path="/home/runner/work/atm-layer-web-console/atm-layer-web-console/src/pages/Bpmn/__tests__/AssociateBpmnPage.test.tsx">
    <testCase name="AssociateBpmnPage getItem recordParams case" duration="105"/>
    <testCase name="AssociateBpmnPage populates recordParams correctly when recordParamsString is present in sessionStorage" duration="37"/>
  </file>
  <file path="/home/runner/work/atm-layer-web-console/atm-layer-web-console/src/pages/Bpmn/__tests__/BpmnPage.test.tsx">
    <testCase name="BpmnPage test First render" duration="206"/>
  </file>
  <file path="/home/runner/work/atm-layer-web-console/atm-layer-web-console/src/pages/WorkflowResource/__tests__/WorkflowResourcePage.test.tsx">
    <testCase name="WorkflowResourcePage render" duration="221"/>
  </file>
  <file path="/home/runner/work/atm-layer-web-console/atm-layer-web-console/src/pages/__tests__/HomePage.test.tsx">
    <testCase name="HomePage test First render" duration="130"/>
  </file>
  <file path="/home/runner/work/atm-layer-web-console/atm-layer-web-console/src/components/FormComponents/template/__tests__/ModalTemplate.test.tsx">
    <testCase name="ModalTemplate test should display the modal with title and content text when open" duration="84"/>
    <testCase name="ModalTemplate test should call setOpen with false when Annulla button is clicked" duration="16"/>
    <testCase name="ModalTemplate test should call handleSubmit when Conferma button is clicked" duration="14"/>
  </file>
  <file path="/home/runner/work/atm-layer-web-console/atm-layer-web-console/src/commons/__tests__/decode.test.ts">
    <testCase name="decode file test Test base64_decode function" duration="3"/>
    <testCase name="decode file test Test base64_encode function" duration="1"/>
    <testCase name="decode file test download a file successfully" duration="5"/>
    <testCase name="decode file test download file doc null" duration="1"/>
    <testCase name="decode file test Test downloadStaticFile function" duration="0"/>
  </file>
  <file path="/home/runner/work/atm-layer-web-console/atm-layer-web-console/src/components/Menu/__tests__/MenuButtons.test.tsx">
    <testCase name="MenuButtons renders button with the provided name" duration="49"/>
    <testCase name="MenuButtons renders icon when iconButton prop is provided" duration="12"/>
    <testCase name="MenuButtons does not call navigate when route prop is not provided" duration="13"/>
    <testCase name="MenuButtons sets anchorEl state when clicked" duration="9"/>
  </file>
  <file path="/home/runner/work/atm-layer-web-console/atm-layer-web-console/src/components/NavigationComponents/__tests__/ProtectedRoute.test.tsx">
    <testCase name="ProtectedRoute renders protected content when user has the required profile" duration="27"/>
    <testCase name="ProtectedRoute redirects to unauthorized page when user does not have the required profile" duration="4"/>
  </file>
  <file path="/home/runner/work/atm-layer-web-console/atm-layer-web-console/src/pages/__tests__/LoginPageCallback.test.tsx">
    <testCase name="LoginPageCallback should navigate to HOME if token exists" duration="43"/>
    <testCase name="LoginPageCallback should navigate to LOGIN if token does not exist" duration="8"/>
  </file>
  <file path="/home/runner/work/atm-layer-web-console/atm-layer-web-console/src/pages/Banks/__tests__/BankPage.test.tsx">
    <testCase name="BankPage test First render" duration="260"/>
  </file>
  <file path="/home/runner/work/atm-layer-web-console/atm-layer-web-console/src/components/NavigationComponents/__tests__/PrivateRoute.test.tsx">
    <testCase name="PrivateRoutes should navigate to login if not logged in" duration="24"/>
    <testCase name="PrivateRoutes should not navigate if logged in" duration="2"/>
  </file>
  <file path="/home/runner/work/atm-layer-web-console/atm-layer-web-console/src/pages/Bpmn/__tests__/UpgradeBpmnPage.test.tsx">
    <testCase name="UpgradeBpmnPage Test UpgradeBpmnPage" duration="127"/>
    <testCase name="UpgradeBpmnPage populates recordParams correctly when recordParamsString is present in sessionStorage" duration="37"/>
  </file>
  <file path="/home/runner/work/atm-layer-web-console/atm-layer-web-console/src/hook/__tests__/formOption.test.tsx">
    <testCase name="formOption Test test get values" duration="2"/>
  </file>
  <file path="/home/runner/work/atm-layer-web-console/atm-layer-web-console/src/components/FormComponents/__tests__/UploadField.test.tsx">
    <testCase name="UploadField Component should render the UploadFileWithButton component and handle file upload" duration="63"/>
    <testCase name="UploadField Component should render without titleField" duration="10"/>
  </file>
  <file path="/home/runner/work/atm-layer-web-console/atm-layer-web-console/src/pages/Banks/__tests__/BankDetailPage.test.tsx">
    <testCase name="BankDetailPage Test BankDetailPage with sessionStorage" duration="136"/>
  </file>
  <file path="/home/runner/work/atm-layer-web-console/atm-layer-web-console/src/pages/Resources/__tests__/CreateResourcesPage.test.tsx">
    <testCase name="CreateResourcesPage test First render" duration="147"/>
  </file>
  <file path="/home/runner/work/atm-layer-web-console/atm-layer-web-console/src/pages/Bpmn/__tests__/CreateBpmnPage.test.tsx">
    <testCase name="CreateBpmnPage render" duration="134"/>
  </file>
  <file path="/home/runner/work/atm-layer-web-console/atm-layer-web-console/src/hook/fetch/__tests__/fetchRequest.test.ts">
    <testCase name="formOption Test Verifica la presenza dei dati in valueObject" duration="2"/>
  </file>
  <file path="/home/runner/work/atm-layer-web-console/atm-layer-web-console/src/pages/WorkflowResource/__tests__/CreateWRPage.test.tsx">
    <testCase name="CreateWRPage render" duration="116"/>
  </file>
  <file path="/home/runner/work/atm-layer-web-console/atm-layer-web-console/src/components/CardComponents/__tests__/HomeCardComponent.test.tsx">
    <testCase name="HomeCardComponent test First render" duration="65"/>
  </file>
  <file path="/home/runner/work/atm-layer-web-console/atm-layer-web-console/src/components/TitleComponents/__tests__/HomePageTitle.test.tsx">
    <testCase name="HomePageTitle Check for HomePageTitle" duration="31"/>
  </file>
  <file path="/home/runner/work/atm-layer-web-console/atm-layer-web-console/src/components/TitleComponents/__tests__/TitleComponent.test.tsx">
    <testCase name="HomePageTitle Check for HomePageTitle" duration="19"/>
  </file>
  <file path="/home/runner/work/atm-layer-web-console/atm-layer-web-console/src/components/Commons/__tests__/IconBox.test.tsx">
    <testCase name="ActionIcon test First render" duration="28"/>
  </file>
  <file path="/home/runner/work/atm-layer-web-console/atm-layer-web-console/src/components/NavigationComponents/__tests__/BreadcrumbComponent.test.tsx">
    <testCase name="BreadcrumbComponent Check for breadcrumbs" duration="20"/>
  </file>
  <file path="/home/runner/work/atm-layer-web-console/atm-layer-web-console/src/pages/__tests__/ErrorPage.test.tsx">
    <testCase name="ErrorPage render" duration="38"/>
  </file>
  <file path="/home/runner/work/atm-layer-web-console/atm-layer-web-console/src/components/NavigationComponents/__tests__/Breadcrumb.test.tsx">
    <testCase name="BreadCrumb Component renders the correct breadcrumbs" duration="21"/>
  </file>
  <file path="/home/runner/work/atm-layer-web-console/atm-layer-web-console/src/components/Commons/__tests__/ActionIcon.test.tsx">
    <testCase name="ActionIcon test First render" duration="26"/>
  </file>
</testExecutions>