<?xml version="1.0" encoding="UTF-8"?>
<testExecutions version="1">
  <file path="/home/runner/work/atm-layer-web-console/atm-layer-web-console/src/components/Commons/__tests__/Commons.test.tsx">
    <testCase name="resetErrors reset specific error" duration="5"/>
    <testCase name="resetErrors should not reset a specific field error if it does not exist" duration="1"/>
    <testCase name="getQueryString querystring PROCESS_RESOURCES" duration="1"/>
    <testCase name="getQueryString querystring RESOURCES" duration="0"/>
    <testCase name="getQueryString querystring WORKFLOW_RESOURCE" duration="1"/>
    <testCase name="getQueryString querystring DELETE_ASSOCIATION" duration="1"/>
    <testCase name="getQueryString querystring driver not present" duration="0"/>
    <testCase name="getQueryString handleSnackbar success" duration="3"/>
    <testCase name="getQueryString handleSnackbar error" duration="1"/>
    <testCase name="getQueryString breadCrumbLinkComponent render link and message" duration="46"/>
    <testCase name="commonBreadRoot generate link for BPMN" duration="1"/>
    <testCase name="commonBreadRoot generate link for BPMN detail page" duration="1"/>
    <testCase name="commonBreadRoot generate link for Static Resource" duration="1"/>
    <testCase name="commonBreadRoot generate link for Static Resource detail page" duration="0"/>
    <testCase name="commonBreadRoot generate link for Workflow Resource" duration="0"/>
    <testCase name="commonBreadRoot generate link for Workflow Resource detail page" duration="1"/>
    <testCase name="getTextModal check for title and message in cases" duration="2"/>
    <testCase name="getTextModal check error in default case" duration="0"/>
    <testCase name="Test removeArrayItems method removes undefined indexes, orders them, removes corresponding items from array" duration="1"/>
    <testCase name="Test removeArrayItem remove item from array defined" duration="1"/>
    <testCase name="getProfileIdsArray should return profile ids array" duration="0"/>
    <testCase name="getProfileDescriptions should return profile descriptions array" duration="1"/>
    <testCase name="getProfileDescriptionByProfileArray should return profile descriptions by profile array" duration="0"/>
    <testCase name="getRoleDescriptionsByUser should return role descriptions by user" duration="1"/>
    <testCase name="getFilteredButtonConfig should return filtered button configs" duration="0"/>
    <testCase name="addDependentProfiles should return dependent profiles" duration="1"/>
    <testCase name="getProfileDescriptionFromStorage should return profile ids array from storage" duration="0"/>
    <testCase name="convertStringToProfiles should convert profile descriptions to profile ids" duration="0"/>
    <testCase name="convertProfileToString should convert profile ids to profile descriptions" duration="0"/>
    <testCase name="convertProfileToString should not change errors if field is not present" duration="1"/>
    <testCase name="convertProfileToString should return empty query string when filterValues is empty" duration="0"/>
    <testCase name="convertProfileToString should return empty query string when filterValues is null" duration="0"/>
    <testCase name="convertProfileToString should show default error message if valueMessage is not provided" duration="4"/>
    <testCase name="convertProfileToString should return the original array if indexes is empty" duration="0"/>
    <testCase name="convertProfileToString should return an empty array if user has no profiles" duration="0"/>
    <testCase name="convertProfileToString should return unique profiles with dependent profiles added" duration="6"/>
    <testCase name="convertProfileToString should return the same profiles if no dependent profiles" duration="0"/>
    <testCase name="convertProfileToString should return an empty array if profile descriptions do not match" duration="1"/>
    <testCase name="convertProfileToString should return an empty array if profile ids do not match" duration="0"/>
  </file>
  <file path="/home/runner/work/atm-layer-web-console/atm-layer-web-console/src/components/DataGrid/__tests__/UsersDataGrid.test.tsx">
    <testCase name="UsersDataGrid test renders UsersDataGrid and loads data" duration="385"/>
    <testCase name="UsersDataGrid test opens ModalUsers on create user click" duration="299"/>
    <testCase name="UsersDataGrid test UsersDataGrid Test with empty table" duration="127"/>
    <testCase name="UsersDataGrid test UsersDataGrid Test without response" duration="168"/>
    <testCase name="UsersDataGrid test UsersDataGrid Test Catch Error" duration="116"/>
    <testCase name="UsersDataGrid test renders ModalUsers when open is true" duration="310"/>
    <testCase name="UsersDataGrid test renders CustomNoRowsOverlay with correct message when no users are present" duration="180"/>
    <testCase name="UsersDataGrid test renders CustomNoRowsOverlay with correct message when no users are present" duration="131"/>
    <testCase name="UsersDataGrid test renders ModalUsers when open is true" duration="200"/>
  </file>
  <file path="/home/runner/work/atm-layer-web-console/atm-layer-web-console/src/components/DataGrid/Filters/__tests__/FilterBar.test.tsx">
    <testCase name="FilterBar test Test FilterBar without driver" duration="67"/>
    <testCase name="FilterBar test Test FilterBar with PROCESS_RESOURCES and Click on Cancella Filtri and Crea Risorsa" duration="118"/>
    <testCase name="FilterBar test Test FilterBar with PROCESS_RESOURCES and Filter with all the filters" duration="55"/>
    <testCase name="FilterBar test Test FilterBar with PROCESS_RESOURCES and Filter with status" duration="58"/>
    <testCase name="FilterBar test Test FilterBar with RESOURCES and Click on Cancella Filtri and Crea Risorsa" duration="53"/>
    <testCase name="FilterBar test Test FilterBar with RESOURCES and Filter with fileName" duration="23"/>
    <testCase name="FilterBar test Test FilterBar with RESOURCES and Filter with noDeployableResourceType from some value to empty" duration="24"/>
    <testCase name="FilterBar test Test FilterBar with WORKFLOW_RESOURCE and click on Crea Risorsa and Cancella Filtri" duration="52"/>
    <testCase name="FilterBar test Test FilterBar with WORKFLOW_RESOURCE and Filter with fileName" duration="32"/>
    <testCase name="FilterBar test Test FilterBar with WORKFLOW_RESOURCE and Filter with resourceType from some value to empty" duration="24"/>
    <testCase name="FilterBar test Test FilterBar with WORKFLOW_RESOURCE and Filter with status from some value to empty" duration="36"/>
    <testCase name="FilterBar test Test FilterBar with BANKS and Filter with acquirerId" duration="23"/>
    <testCase name="FilterBar test Test FilterBar with BANKS and Filter with denomination" duration="14"/>
    <testCase name="FilterBar test Test FilterBar with USERS and Filter with name" duration="25"/>
    <testCase name="FilterBar test Test FilterBar with USERS and Filter with surname" duration="21"/>
    <testCase name="FilterBar test Test FilterBar with USERS and Filter with userId" duration="27"/>
    <testCase name="FilterBar test Test FilterBar with USERS and Click on Cancella Filtri and Filtra" duration="39"/>
    <testCase name="FilterBar test Test FilterBar with TRANSACTIONS and Filter with transactionId" duration="68"/>
    <testCase name="FilterBar test Test FilterBar with TRANSACTIONS and Filter with transactionStatus" duration="71"/>
    <testCase name="FilterBar test Test FilterBar with TRANSACTIONS and Filter with functionType" duration="45"/>
    <testCase name="FilterBar test Test FilterBar with TRANSACTIONS and Filter with acquirerId" duration="45"/>
    <testCase name="FilterBar test Test FilterBar with TRANSACTIONS and Filter with branchId" duration="43"/>
    <testCase name="FilterBar test Test FilterBar with TRANSACTIONS and Filter with terminalId" duration="48"/>
    <testCase name="FilterBar test Test FilterBar with TRANSACTIONS and Filter with startTime" duration="47"/>
    <testCase name="FilterBar test Test FilterBar with TRANSACTIONS and Filter with endTime" duration="53"/>
    <testCase name="FilterBar test Test FilterBar with TRANSACTIONS and Click on Cancella Filtri and Filtra" duration="86"/>
    <testCase name="FilterBar test Test FilterBar with TRANSACTIONS and Filter with startTime and endTime on the same day with 5-second rule" duration="47"/>
    <testCase name="FilterBar test Test FilterBar with TRANSACTIONS and Filter with startTime and endTime on different days" duration="39"/>
    <testCase name="FilterBar test Test validateDateRange correctly handles valid dates" duration="40"/>
    <testCase name="FilterBar test Test setting error when endTime is before startTime" duration="1436"/>
    <testCase name="FilterBar test Test validateDateRange correctly handles valid dates" duration="55"/>
    <testCase name="FilterBar test Test minDateTime for endTime is set correctly" duration="2456"/>
  </file>
  <file path="/home/runner/work/atm-layer-web-console/atm-layer-web-console/src/components/FormComponents/FormsWorkflowResource/__tests__/ModalWR.test.tsx">
    <testCase name="ModalResources Test Test ModalWR with ROLLBACK" duration="114"/>
    <testCase name="ModalResources Test Test Catch Error during ROLLBACK" duration="25"/>
    <testCase name="ModalResources Test Test ModalWR with DEPLOY" duration="3030"/>
    <testCase name="ModalResources Test Test Catch Error during DEPLOY" duration="22"/>
    <testCase name="ModalResources Test Test ModalWR with DELETE" duration="37"/>
    <testCase name="ModalResources Test Test Catch Error during DELETE" duration="29"/>
    <testCase name="ModalResources Test Test ModalWR with DOWNLOAD DMN" duration="3031"/>
    <testCase name="ModalResources Test Test ModalWR with DOWNLOAD BPMN" duration="3025"/>
    <testCase name="ModalResources Test Test ModalWR with DOWNLOAD FORM" duration="3030"/>
    <testCase name="ModalResources Test Test Catch Error during DOWNLOAD" duration="20"/>
  </file>
  <file path="/home/runner/work/atm-layer-web-console/atm-layer-web-console/src/hook/Grids/__tests__/useColumns.test.ts">
    <testCase name="useColumns should return correct navigation paths for PROCESS_RESOURCES" duration="2"/>
    <testCase name="useColumns should return correct navigation paths for RESOURCES" duration="0"/>
    <testCase name="useColumns should return correct navigation paths for WORKFLOW_RESOURCE" duration="0"/>
    <testCase name="useColumns should return correct record BPMN params" duration="1"/>
    <testCase name="useColumns should return correct columns for PROCESS_RESOURCES" duration="7"/>
    <testCase name="useColumns should return correct columns for BPMN_ASSOCIATED" duration="19"/>
    <testCase name="useColumns should return correct columns for RESOURCES" duration="2"/>
    <testCase name="useColumns should return correct columns for WORKFLOW_RESOURCE" duration="1"/>
    <testCase name="useColumns should return correct visible columns for PROCESS_RESOURCES" duration="1"/>
    <testCase name="useColumns should return correct visible columns for BPMN_ASSOCIATED" duration="0"/>
    <testCase name="useColumns should return correct visible columns for RESOURCES" duration="0"/>
    <testCase name="useColumns should return correct visible columns for WORKFLOW_RESOURCE" duration="1"/>
    <testCase name="useColumns should generate correct path for invalid driver" duration="0"/>
    <testCase name="useColumns should return empty array for invalid driver in getColumnsGrid" duration="0"/>
    <testCase name="useColumns should return empty object for invalid driver in getVisibleColumns" duration="0"/>
    <testCase name="useColumns should return empty object for invalid driver in getRecordBpmnParams" duration="1"/>
  </file>
  <file path="/home/runner/work/atm-layer-web-console/atm-layer-web-console/src/components/FormComponents/FormUsers/__tests__/ModalUser.test.tsx">
    <testCase name="ModalUsers component renders correctly for CREATE_USER" duration="155"/>
    <testCase name="ModalUsers component renders correctly for UPDATE_USER" duration="100"/>
    <testCase name="ModalUsers component renders correctly for DELETE_USER" duration="29"/>
    <testCase name="ModalUsers component handles multi-select change correctly" duration="725"/>
    <testCase name="ModalUsers component sets initial formData and errors when modal opens for CREATE_USER" duration="49"/>
    <testCase name="ModalUsers component handles form submission for DELETE_USER" duration="32"/>
    <testCase name="ModalUsers component catches error from form submission for DELETE_USER" duration="48"/>
    <testCase name="ModalUsers component handles form submission for CREATE_USER response success" duration="3679"/>
    <testCase name="ModalUsers component handles form submission for CREATE_USER response NOT success" duration="3638"/>
    <testCase name="ModalUsers component catches error from form submission for CREATE_USER" duration="3532"/>
    <testCase name="ModalUsers component handles form submission for UPDATE_USER" duration="3085"/>
    <testCase name="ModalUsers component catches error from form submission for UPDATE_USER" duration="3078"/>
    <testCase name="ModalUsers component handles default case in handleSubmit" duration="37"/>
    <testCase name="ModalUsers component calls resetErrors when handleChange is triggered" duration="46"/>
    <testCase name="ModalUsers component sets formData and errors correctly when modal opens for UPDATE_USER" duration="52"/>
    <testCase name="ModalUsers component does not submit form when validation fails for CREATE_USER" duration="47"/>
    <testCase name="ModalUsers component does nothing when an unknown type is provided" duration="54"/>
  </file>
  <file path="/home/runner/work/atm-layer-web-console/atm-layer-web-console/src/components/DataGrid/__tests__/TableColumn.test.tsx">
    <testCase name="TableColumn test Test showCustomHeader" duration="21"/>
    <testCase name="TableColumn test Test renderCell" duration="13"/>
    <testCase name="TableColumn test Test actionColumn" duration="15"/>
    <testCase name="TableColumn test Test deleteColumn" duration="8"/>
    <testCase name="TableColumn test Test deleteColumnBank" duration="5"/>
    <testCase name="TableColumn test Test deleteColumnUsers self" duration="3"/>
    <testCase name="TableColumn test Test deleteColumnUsers" duration="10"/>
    <testCase name="TableColumn test editColumnUsers handles setting state and session storage correctly" duration="6"/>
    <testCase name="TableColumn test deleteColumnUsers should not show delete button for the logged-in user" duration="3"/>
    <testCase name="TableColumn test deleteColumnUsers should show delete button for a different user" duration="6"/>
    <testCase name="TableColumn test deleteColumnBank handles setting state and session storage correctly" duration="6"/>
  </file>
  <file path="/home/runner/work/atm-layer-web-console/atm-layer-web-console/src/pages/Transactions/__tests__/TransactionsDataGrid.test.tsx">
    <testCase name="TransactionDataGrid test TransactionDataGrid Test" duration="463"/>
    <testCase name="TransactionDataGrid test TransactionDataGrid Test with empty table" duration="281"/>
    <testCase name="TransactionDataGrid test TransactionDataGrid Test without response" duration="171"/>
    <testCase name="TransactionDataGrid test TransactionDataGrid Test with fetch error" duration="138"/>
  </file>
  <file path="/home/runner/work/atm-layer-web-console/atm-layer-web-console/src/components/DataGrid/__tests__/BanksDataGrid.test.tsx">
    <testCase name="BankDataGrid test BankDataGrid fetches and displays data on load" duration="270"/>
    <testCase name="BankDataGrid test BankDataGrid shows no rows overlay when there are no results" duration="108"/>
    <testCase name="BankDataGrid test BankDataGrid handles fetch error gracefully" duration="230"/>
    <testCase name="BankDataGrid test BankDataGrid handles empty response" duration="129"/>
    <testCase name="BankDataGrid test BankDataGrid can apply filters and fetch filtered data" duration="227"/>
  </file>
  <file path="/home/runner/work/atm-layer-web-console/atm-layer-web-console/src/components/FormComponents/FormsBpmn/__tests__/AssociateBpmn.test.tsx">
    <testCase name="AssociateBpmn Test AssociateBpmn with invalid form" duration="100"/>
    <testCase name="AssociateBpmn Test AssociateBpmn With only acquirerId positive case" duration="73"/>
    <testCase name="AssociateBpmn Test AssociateBpmn With only acquirerId negative case with already an association on another BPMN" duration="54"/>
    <testCase name="AssociateBpmn Test AssociateBpmn With only acquirerId negative case with already an association on another BPMN catch case" duration="54"/>
    <testCase name="AssociateBpmn Test AssociateBpmn on switch of branchId" duration="268"/>
    <testCase name="AssociateBpmn Test AssociateBpmn fetch failed" duration="64"/>
    <testCase name="AssociateBpmn Test handleSwitchAssociationFetch indirectly by simulating button click" duration="41"/>
  </file>
  <file path="/home/runner/work/atm-layer-web-console/atm-layer-web-console/src/components/Commons/__tests__/ActionAlert.test.tsx">
    <testCase name="ActionAlert render with error" duration="49"/>
    <testCase name="ActionAlert render with warning" duration="9"/>
    <testCase name="ActionAlert render without openSnackBar" duration="3"/>
    <testCase name="ActionAlert navigate to RESOURCES when type is DELETE_RES" duration="9"/>
    <testCase name="ActionAlert navigate to WORKFLOW_RESOURCES when type is DELETE_WR" duration="7"/>
    <testCase name="ActionAlert reload page when type is included in DEPLOY_VALUES" duration="8"/>
    <testCase name="ActionAlert navigate to BPMN when type is DELETE_BPMN with success" duration="12"/>
    <testCase name="ActionAlert should not navigate when type is DELETE_WR and severity is error" duration="6"/>
    <testCase name="ActionAlert navigate to WR when type is DELETE_WR and severity is success" duration="15"/>
    <testCase name="ActionAlert should not navigate when type is DELETE_RES and severity is error" duration="6"/>
    <testCase name="ActionAlert navigate to Resources when type is DELETE_RES and severity is success" duration="9"/>
    <testCase name="ActionAlert setOpenSnackBar(false) when type is not in DEPLOY_VALUES and not matching any other case" duration="7"/>
  </file>
  <file path="/home/runner/work/atm-layer-web-console/atm-layer-web-console/src/components/FormComponents/template/__tests__/ModalTemplateUpload.test.tsx">
    <testCase name="ModalTemplateUpload Test Test ModalTemplateUpload case UPDATE_WR" duration="3129"/>
    <testCase name="ModalTemplateUpload Test Test Check Error when UPDATE_WR" duration="80"/>
    <testCase name="ModalTemplateUpload Test Test clear button in UPDATE_WR" duration="80"/>
    <testCase name="ModalTemplateUpload Test Test ModalTemplateUpload case UPDATE_RES" duration="77"/>
    <testCase name="ModalTemplateUpload Test Test dialog close" duration="49"/>
    <testCase name="ModalTemplateUpload Test Test dialog close" duration="66"/>
    <testCase name="ModalTemplateUpload Test Test form validation" duration="46"/>
    <testCase name="ModalTemplateUpload Test Test ModalTemplateUpload case UPDATE_RES" duration="3082"/>
    <testCase name="ModalTemplateUpload Test Test Check Error when UPDATE_RES" duration="40"/>
    <testCase name="ModalTemplateUpload Test Update with different file extensions should fail" duration="26"/>
  </file>
  <file path="/home/runner/work/atm-layer-web-console/atm-layer-web-console/src/components/FormComponents/FormsResources/__tests__/CreateResources.test.tsx">
    <testCase name="CreateResources Test Test CreateResources Single Upload" duration="253"/>
    <testCase name="CreateResources Test Test CreateResources Multi Upload: switch to multiupload form" duration="122"/>
    <testCase name="CreateResources Test Test CreateResources Multi Upload: upload and delete files" duration="197"/>
    <testCase name="CreateResources Test Test CreateResources Multi Upload: upload files 200 OK" duration="175"/>
    <testCase name="CreateResources Test Test CReateResources Multi Upload: validate filenames on submit" duration="153"/>
  </file>
  <file path="/home/runner/work/atm-layer-web-console/atm-layer-web-console/src/components/FormComponents/FormsBank/__tests__/ModalBank.test.tsx">
    <testCase name="ModalBank Test Test ModalBank with CREATE_BANK fetch success" duration="3597"/>
    <testCase name="ModalBank Test Test ModalBank with CREATE_BANK fetch not success" duration="3306"/>
    <testCase name="ModalBank Test Test ModalBank with CREATE_BANK catch error" duration="3238"/>
    <testCase name="ModalBank Test Test ModalBank with DELETE_BANK" duration="3055"/>
    <testCase name="ModalBank Test Test ModalBank with UPDATE_BANK fetch not success" duration="3103"/>
    <testCase name="ModalBank Test Test ModalBank with UPDATE_BANK catch error" duration="3096"/>
    <testCase name="ModalBank Test Test ModalBank with UPDATE_BANK fetch success" duration="3092"/>
    <testCase name="ModalBank Test Test API Error during CREATE_BANK" duration="3054"/>
    <testCase name="ModalBank Test Test API Error during DELETE_BANK" duration="3042"/>
    <testCase name="ModalBank Test Test API Error during UPDATE_BANK" duration="3265"/>
    <testCase name="ModalBank Test Test ModalBank without type" duration="26"/>
    <testCase name="ModalBank Test Test resetErrors when changing input" duration="75"/>
    <testCase name="ModalBank Test Test handleClose resets form and errors" duration="102"/>
    <testCase name="ModalBank Test Test validateForm with only limit or period set" duration="84"/>
    <testCase name="ModalBank Test Test form fields rendering for CREATE_BANK and UPDATE_BANK" duration="152"/>
    <testCase name="ModalBank Test Test onChange only numbers allowed in numeric fields" duration="83"/>
    <testCase name="ModalBank Test should allow empty limit and period" duration="243"/>
    <testCase name="ModalBank Test should display error when burstLimit or rateLimit is zero" duration="88"/>
    <testCase name="ModalBank Test should reset form and close modal when Annulla is clicked" duration="100"/>
    <testCase name="ModalBank Test should update form data on input change" duration="67"/>
    <testCase name="ModalBank Test should prevent non-numeric input in numeric fields" duration="33"/>
    <testCase name="ModalBank Test should display error message when server returns an error during CREATE_BANK" duration="3103"/>
    <testCase name="ModalBank Test should render all form fields correctly" duration="59"/>
    <testCase name="ModalBank Test should validate form when required fields are missing" duration="93"/>
    <testCase name="ModalBank Test should handle error during form submission" duration="1126"/>
    <testCase name="ModalBank Test should handle submission error" duration="1093"/>
    <testCase name="ModalBank Test should reset form and close modal when submission is cancelled" duration="26"/>
  </file>
  <file path="/home/runner/work/atm-layer-web-console/atm-layer-web-console/src/components/FormComponents/FormsBpmn/__tests__/ModalBpmn.test.tsx">
    <testCase name="ModalBpmn Test Test ModalBpmn with DELETE" duration="105"/>
    <testCase name="ModalBpmn Test Test ModalBpmn with DEPLOY" duration="3046"/>
    <testCase name="ModalBpmn Test Test ModalBpmn with DELETE ASSOCIATION" duration="42"/>
    <testCase name="ModalBpmn Test Test Error during DELETE" duration="34"/>
    <testCase name="ModalBpmn Test Test Error during DEPLOY" duration="35"/>
    <testCase name="ModalBpmn Test Test Error during DELETE ASSOCIATION" duration="21"/>
    <testCase name="ModalBpmn Test Test Error during DOWNLOAD" duration="29"/>
    <testCase name="ModalBpmn Test Test ModalBpmn with DOWNLOAD" duration="23"/>
    <testCase name="ModalBpmn Test Test ModalBpmn without type" duration="27"/>
  </file>
  <file path="/home/runner/work/atm-layer-web-console/atm-layer-web-console/src/utils/__tests__/formatValues.test.ts">
    <testCase name="formatValues tests Verifica la formattazione di un valore vuoto" duration="3"/>
    <testCase name="formatValues tests Verifica la formattazione di due valori" duration="1"/>
    <testCase name="formatValues tests Verifica la formattazione di una percentuale e di una valuta" duration="0"/>
    <testCase name="formatValues tests Verifica la conversione di una stringa con separatore decimale da , a . in float" duration="10"/>
    <testCase name="formatValues tests Verifica la formattazione di una stringa di data nel formato &quot;gg-mm-aaaa&quot; in &quot;aaaa-mm-gg&quot;" duration="1"/>
    <testCase name="formatValues tests Verifica la formattazione di una data in una stringa nel formato &quot;hh:mm&quot;" duration="8"/>
    <testCase name="formatValues tests Verifica la formattazione di una data per un picker" duration="2"/>
    <testCase name="formatValues tests Verifica estrazione anno da una stringa di data" duration="1"/>
    <testCase name="formatValues tests Verifica la formattazione di una data da &quot;gg/mm/aaaa&quot; a &quot;mm/gg/aaaa&quot;" duration="1"/>
    <testCase name="formatValues tests Verifica la creazione della data" duration="0"/>
    <testCase name="formatValues tests Verifica la formattazione di una stringa di data" duration="1"/>
    <testCase name="formatValues tests Verifica la funzione checkValue" duration="1"/>
    <testCase name="formatValues tests Verifica la funzione checkEmpty" duration="1"/>
    <testCase name="formatValues tests Verifica la formattazione del percentuale" duration="0"/>
    <testCase name="formatValues tests Verifica la formattazione della valuta" duration="1"/>
    <testCase name="formatValues tests Verifica la combinazione di due valori" duration="0"/>
    <testCase name="formatValues tests Verifica la formattazione in minuscolo con valore" duration="0"/>
    <testCase name="formatValues tests Verifica la formattazione in minuscolo senza valore" duration="0"/>
    <testCase name="formatValues tests Verifica la formattazione della data" duration="1"/>
    <testCase name="formatValues tests Estrai estensione file" duration="0"/>
  </file>
  <file path="/home/runner/work/atm-layer-web-console/atm-layer-web-console/src/components/FormComponents/FormsBpmn/__tests__/UpgradeBpmn.test.tsx">
    <testCase name="UpgradeBpmn Submit form with valid input" duration="164"/>
    <testCase name="UpgradeBpmn Test UpgradeBpmn fetch failed" duration="114"/>
    <testCase name="UpgradeBpmn Submit form with invalid input" duration="94"/>
    <testCase name="UpgradeBpmn Test UpgradeBpmn delete uploaded file" duration="109"/>
    <testCase name="UpgradeBpmn Test UpgradeBpmn fetch error" duration="71"/>
  </file>
  <file path="/home/runner/work/atm-layer-web-console/atm-layer-web-console/src/components/Commons/__tests__/DetailButtons.test.tsx">
    <testCase name="DetailButtons renders buttons with correct text" duration="58"/>
    <testCase name="DetailButtons calls setType and openDialog when button is clicked" duration="21"/>
    <testCase name="DetailButtons navigates to correct route when navigate property is provided" duration="12"/>
    <testCase name="DetailButtons disables button when disabledCondition is true" duration="5"/>
    <testCase name="DetailButtons does not call setType, openDialog, or navigate when button is clicked and disabledCondition is true" duration="5"/>
    <testCase name="DetailButtons does not navigate when navigate property is not provided" duration="4"/>
    <testCase name="DetailButtons does not call setType, openDialog, or navigate when button is clicked and disabledCondition is not provided" duration="6"/>
  </file>
  <file path="/home/runner/work/atm-layer-web-console/atm-layer-web-console/src/components/HeaderComponents/__tests__/HeaderAccountCustom.test.tsx">
    <testCase name="HeaderAccountCustom does not show EmulatorButton when in PROD environment" duration="123"/>
    <testCase name="HeaderAccountCustom logout button works" duration="20"/>
    <testCase name="HeaderAccountCustom getUserInfo should log an error when fetchRequest throws an error" duration="18"/>
  </file>
  <file path="/home/runner/work/atm-layer-web-console/atm-layer-web-console/src/components/DataGrid/__tests__/WorkflowResourceDataGrid.test.tsx">
    <testCase name="WorkflowResourceDataGrid test WorkflowResourceDataGrid.test Test" duration="489"/>
    <testCase name="WorkflowResourceDataGrid test WorkflowResourceDataGrid.test Test with empty table" duration="144"/>
    <testCase name="WorkflowResourceDataGrid test WorkflowResourceDataGrid Test without response" duration="151"/>
    <testCase name="WorkflowResourceDataGrid test WorkflowResourceDataGrid Catch Error" duration="136"/>
  </file>
  <file path="/home/runner/work/atm-layer-web-console/atm-layer-web-console/src/components/Menu/__tests__/CustomAppBar.test.tsx">
    <testCase name="CustomAppBar renders menu buttons based on user profile" duration="97"/>
    <testCase name="CustomAppBar opens and closes the drawer when clicking the menu icon" duration="594"/>
    <testCase name="CustomAppBar opens and closes the drawer when clicking the menu icon" duration="543"/>
  </file>
  <file path="/home/runner/work/atm-layer-web-console/atm-layer-web-console/src/components/DataGrid/__tests__/ResourcesDataGrid.test.tsx">
    <testCase name="ResourcesDataGrid test ResourcesDataGrid.test Test" duration="550"/>
    <testCase name="ResourcesDataGrid test ResourcesDataGrid.test Test with empty table" duration="156"/>
    <testCase name="ResourcesDataGrid test ResourcesDataGrid Test without response" duration="168"/>
    <testCase name="ResourcesDataGrid test ResourcesDataGrid Test Catch Error" duration="184"/>
  </file>
  <file path="/home/runner/work/atm-layer-web-console/atm-layer-web-console/src/components/DataGrid/__tests__/BpmnDataGrid.test.tsx">
    <testCase name="BpmnDataGrid test BpmnDataGrid Test" duration="561"/>
    <testCase name="BpmnDataGrid test BpmnDatgrid Test with empty table" duration="643"/>
    <testCase name="BpmnDataGrid test BpmnDaGrid Test without response" duration="194"/>
    <testCase name="BpmnDataGrid test BpmnDaGrid Test with fetch error" duration="173"/>
  </file>
  <file path="/home/runner/work/atm-layer-web-console/atm-layer-web-console/src/components/FormComponents/template/__tests__/ModalTemplate.test.tsx">
    <testCase name="ModalTemplate test should display the modal with title and content text when open" duration="95"/>
    <testCase name="ModalTemplate test should call setOpen with false when Annulla button is clicked" duration="29"/>
    <testCase name="ModalTemplate test should call custom handleClose when provided and &apos;Annulla&apos; is clicked" duration="27"/>
    <testCase name="ModalTemplate test should use default handleClose if no custom handleClose is provided" duration="28"/>
    <testCase name="ModalTemplate test should call handleSubmit when Conferma button is clicked" duration="26"/>
    <testCase name="ModalTemplate test should display loading spinner on Conferma button when loading is true" duration="34"/>
    <testCase name="ModalTemplate test should render children components when passed" duration="34"/>
  </file>
  <file path="/home/runner/work/atm-layer-web-console/atm-layer-web-console/src/components/DataGrid/__tests__/BpmnAssociatedDataGrid.test.tsx">
    <testCase name="BpmnAssociatedDataGrid test BpmnAssociatedDataGrid Test with next page click" duration="231"/>
    <testCase name="BpmnAssociatedDataGrid test BpmnAssociatedDataGrid Test with empty table" duration="123"/>
    <testCase name="BpmnAssociatedDataGrid test BpmnAssociatedDataGrid Test without response" duration="103"/>
    <testCase name="BpmnAssociatedDataGrid test BpmnAssociatedDataGrid Test with fetch error" duration="79"/>
  </file>
  <file path="/home/runner/work/atm-layer-web-console/atm-layer-web-console/src/pages/Layout/__tests__/PageLayout.test.tsx">
    <testCase name="PageLayout test Test render PageLayout component with loading false and no userEmail nor token" duration="33"/>
    <testCase name="PageLayout test Test render PageLayout component with loading true and no userEmail with token" duration="7"/>
  </file>
  <file path="/home/runner/work/atm-layer-web-console/atm-layer-web-console/src/pages/Users/__tests__/UsersPage.test.tsx">
    <testCase name="UsersPage test renders UsersPage and checks initial state" duration="305"/>
  </file>
  <file path="/home/runner/work/atm-layer-web-console/atm-layer-web-console/src/components/FormComponents/FormsResources/__tests__/ModalResources.test.tsx">
    <testCase name="ModalResources Test Test ModalResources with DELETE" duration="138"/>
    <testCase name="ModalResources Test Test ModalResources with DOWNLOAD" duration="3034"/>
    <testCase name="ModalResources Test Test Catch Error during DELETE" duration="40"/>
    <testCase name="ModalResources Test Test Error during DOWNLOAD" duration="24"/>
    <testCase name="ModalResources Test Test ModalResources with default driver" duration="31"/>
  </file>
  <file path="/home/runner/work/atm-layer-web-console/atm-layer-web-console/src/components/FormComponents/FormsWorkflowResource/__tests__/CreateWR.test.tsx">
    <testCase name="CreateWR Test should successfully submit the form and display snackbar" duration="267"/>
    <testCase name="CreateWR Test should display validation errors when form is incomplete" duration="54"/>
    <testCase name="CreateWR Test should close the snackbar when CloseIcon is clicked" duration="174"/>
  </file>
  <file path="/home/runner/work/atm-layer-web-console/atm-layer-web-console/src/pages/WorkflowResource/__tests__/WorkflowResourceDetailPage.test.tsx">
    <testCase name="Test WorkflowResourceDetailPage Test WorkflowResourceDetailPage with sessionStorage" duration="201"/>
    <testCase name="Test WorkflowResourceDetailPage Test WorkflowResourceDetailPage without sessionStorage" duration="51"/>
  </file>
  <file path="/home/runner/work/atm-layer-web-console/atm-layer-web-console/src/components/FormComponents/FormsBpmn/__tests__/CreateBpmn.test.tsx">
    <testCase name="CreateBpmn Test should close the snackbar when CloseIcon is clicked" duration="257"/>
    <testCase name="CreateBpmn Test should handle fetch error and close snackbar" duration="160"/>
    <testCase name="CreateBpmn Test should validate form and display errors when required fields are missing" duration="47"/>
  </file>
  <file path="/home/runner/work/atm-layer-web-console/atm-layer-web-console/src/utils/__tests__/checks.test.ts">
    <testCase name="checks tests checkIsEmptyString restituisce true per stringhe vuote o con solo spazi" duration="3"/>
    <testCase name="checks tests isObjectEmpty restituisce true se l&apos;oggetto è vuoto, altrimenti false" duration="1"/>
    <testCase name="checks tests copyObject restituisce una copia profonda dell&apos;oggetto" duration="1"/>
    <testCase name="checks tests Restituisce una copia profonda di un array di oggetti" duration="1"/>
    <testCase name="checks tests isInvalidField restituisce true se il campo è undefined, null, una stringa vuota o un numero negativo" duration="2"/>
    <testCase name="checks tests isValidNumber restituisce true se una stringa rappresenta un numero intero valido" duration="1"/>
    <testCase name="checks tests isValidResourcesFilename restituisce true se il nome del file per risorse è valido" duration="1"/>
    <testCase name="checks tests isValidDeployableFilename restituisce true se il nome del file per il deploy è valido" duration="0"/>
    <testCase name="checks tests Restituisce undefined per un percorso valido con un nome file non valido" duration="10"/>
    <testCase name="checks tests Restituisce undefined per un percorso non valido" duration="1"/>
    <testCase name="checks tests Restituisce undefined per un percorso vuoto" duration="0"/>
  </file>
  <file path="/home/runner/work/atm-layer-web-console/atm-layer-web-console/src/pages/Resources/__tests__/ResourcesDetailPage.test.tsx">
    <testCase name="ResourcesDetailPage test Test ResourcesDetailPage with sessionStorage" duration="179"/>
    <testCase name="ResourcesDetailPage test Test ResourcesDetailPage without sessionStorage" duration="51"/>
  </file>
  <file path="/home/runner/work/atm-layer-web-console/atm-layer-web-console/src/pages/__tests__/HomePage.test.tsx">
    <testCase name="HomePage test First render" duration="138"/>
    <testCase name="HomePage test Checks if the correct cards are visible based on user profiles" duration="73"/>
  </file>
  <file path="/home/runner/work/atm-layer-web-console/atm-layer-web-console/src/components/FormComponents/template/__tests__/FormTemplate.test.tsx">
    <testCase name="Test FormTemplate Test FormTemplate with children AssociateBpmn" duration="149"/>
  </file>
  <file path="/home/runner/work/atm-layer-web-console/atm-layer-web-console/src/App.test.tsx">
    <testCase name="App component Test App without jwt in sessionStorage" duration="116"/>
    <testCase name="App component Test App with jwt in sessionStorage" duration="45"/>
    <testCase name="App component clearStorage function removes recordParamsUser from sessionStorage" duration="13"/>
    <testCase name="App component clearStorage function removes specified items from sessionStorage" duration="14"/>
  </file>
  <file path="/home/runner/work/atm-layer-web-console/atm-layer-web-console/src/components/FormComponents/__tests__/MultiSelect.test.tsx">
    <testCase name="MultiSelect component renders the checkbox with correct icon" duration="511"/>
    <testCase name="MultiSelect component renders selected checkbox with correct icon" duration="277"/>
    <testCase name="MultiSelect component calls handleChange with completeProfiles on change" duration="308"/>
  </file>
  <file path="/home/runner/work/atm-layer-web-console/atm-layer-web-console/src/pages/Bpmn/__tests__/BpmnDetailPage.test.tsx">
    <testCase name="BpmnDetailPage Test BpmnDetailPage with sessionStorage" duration="463"/>
    <testCase name="BpmnDetailPage Test BpmnDetailPage without sessionStorage" duration="107"/>
  </file>
  <file path="/home/runner/work/atm-layer-web-console/atm-layer-web-console/src/components/NavigationComponents/__tests__/EmulatorButton.test.tsx">
    <testCase name="EmulatorButton renders the button when user has EMULATOR profile" duration="38"/>
    <testCase name="EmulatorButton does not render the button when user does not have EMULATOR profile" duration="3"/>
    <testCase name="EmulatorButton opens the emulator URL in a new tab when clicked" duration="11"/>
    <testCase name="EmulatorButton opens the emulator URL without JWT in a new tab when JWT is not available" duration="11"/>
  </file>
  <file path="/home/runner/work/atm-layer-web-console/atm-layer-web-console/src/components/HeaderComponents/__tests__/Header.test.tsx">
    <testCase name="Header test renders Header component with logged out state" duration="31"/>
    <testCase name="Header test renders Header component with logged in state and handles logout" duration="52"/>
  </file>
  <file path="/home/runner/work/atm-layer-web-console/atm-layer-web-console/src/pages/__tests__/LoginPage.test.tsx">
    <testCase name="LoginPage renders without crashing" duration="72"/>
    <testCase name="LoginPage Test render and click Accedi no debug" duration="17"/>
    <testCase name="LoginPage Test render and click Accedi with debug" duration="33"/>
  </file>
  <file path="/home/runner/work/atm-layer-web-console/atm-layer-web-console/src/components/UploadFileComponents/__tests__/UploadFileWithButton.test.tsx">
    <testCase name="UploadFileWithButton Clear Uploaded File" duration="36"/>
    <testCase name="UploadFileWithButton Upload Allowed File" duration="11"/>
    <testCase name="UploadFileWithButton Uploaded File With Error" duration="21"/>
    <testCase name="UploadFileWithButton No File Uploaded With Error" duration="6"/>
  </file>
  <file path="/home/runner/work/atm-layer-web-console/atm-layer-web-console/src/components/HeaderComponents/__tests__/Logo.test.tsx">
    <testCase name="HeaderAccountCustom test First render" duration="52"/>
  </file>
  <file path="/home/runner/work/atm-layer-web-console/atm-layer-web-console/src/components/Menu/__tests__/MenuButtons.test.tsx">
    <testCase name="MenuButtons renders button with the provided name" duration="60"/>
    <testCase name="MenuButtons renders icon when iconButton prop is provided" duration="16"/>
    <testCase name="MenuButtons does not call navigate when route prop is not provided" duration="14"/>
    <testCase name="MenuButtons sets anchorEl state when clicked" duration="21"/>
    <testCase name="MenuButtons Testing other ternary branches" duration="11"/>
  </file>
  <file path="/home/runner/work/atm-layer-web-console/atm-layer-web-console/src/pages/Resources/__tests__/ResourcesPage.test.tsx">
    <testCase name="ResourcesPage test First render" duration="302"/>
  </file>
  <file path="/home/runner/work/atm-layer-web-console/atm-layer-web-console/src/components/FormComponents/template/__tests__/MultiSelect.test.tsx">
    <testCase name="MultiSelect component calls handleChangeWrapper with correct values when a new value is selected" duration="244"/>
  </file>
  <file path="/home/runner/work/atm-layer-web-console/atm-layer-web-console/src/pages/Bpmn/__tests__/AssociateBpmnPage.test.tsx">
    <testCase name="AssociateBpmnPage getItem recordParams case" duration="134"/>
    <testCase name="AssociateBpmnPage populates recordParams correctly when recordParamsString is present in sessionStorage" duration="64"/>
  </file>
  <file path="/home/runner/work/atm-layer-web-console/atm-layer-web-console/src/pages/Bpmn/__tests__/BpmnPage.test.tsx">
    <testCase name="BpmnPage test First render" duration="264"/>
  </file>
  <file path="/home/runner/work/atm-layer-web-console/atm-layer-web-console/src/pages/Transactions/__tests__/TransactionsPage.test.tsx">
    <testCase name="TransactionsPage test First render" duration="335"/>
  </file>
  <file path="/home/runner/work/atm-layer-web-console/atm-layer-web-console/src/commons/__tests__/decode.test.ts">
    <testCase name="decode file test Test base64_decode function" duration="3"/>
    <testCase name="decode file test Test base64_encode function" duration="1"/>
    <testCase name="decode file test download a file successfully" duration="5"/>
    <testCase name="decode file test download file doc null" duration="1"/>
    <testCase name="decode file test Test downloadStaticFile function" duration="1"/>
  </file>
  <file path="/home/runner/work/atm-layer-web-console/atm-layer-web-console/src/pages/WorkflowResource/__tests__/WorkflowResourcePage.test.tsx">
    <testCase name="WorkflowResourcePage render" duration="263"/>
  </file>
  <file path="/home/runner/work/atm-layer-web-console/atm-layer-web-console/src/components/NavigationComponents/__tests__/ProtectedRoute.test.tsx">
    <testCase name="ProtectedRoute renders protected content when user has the required profile" duration="27"/>
    <testCase name="ProtectedRoute redirects to unauthorized page when user does not have the required profile" duration="4"/>
  </file>
  <file path="/home/runner/work/atm-layer-web-console/atm-layer-web-console/src/pages/__tests__/LoginPageCallback.test.tsx">
    <testCase name="LoginPageCallback should navigate to HOME if token exists" duration="41"/>
    <testCase name="LoginPageCallback should navigate to LOGIN if token does not exist" duration="8"/>
  </file>
  <file path="/home/runner/work/atm-layer-web-console/atm-layer-web-console/src/pages/Bpmn/__tests__/UpgradeBpmnPage.test.tsx">
    <testCase name="UpgradeBpmnPage Test UpgradeBpmnPage" duration="138"/>
    <testCase name="UpgradeBpmnPage populates recordParams correctly when recordParamsString is present in sessionStorage" duration="75"/>
  </file>
  <file path="/home/runner/work/atm-layer-web-console/atm-layer-web-console/src/pages/Banks/__tests__/BankPage.test.tsx">
    <testCase name="BankPage test First render" duration="279"/>
  </file>
  <file path="/home/runner/work/atm-layer-web-console/atm-layer-web-console/src/components/Detail/__tests__/DetailBank.test.tsx">
    <testCase name="DetailBank component renders DetailBody with correct detail prop" duration="21"/>
  </file>
  <file path="/home/runner/work/atm-layer-web-console/atm-layer-web-console/src/components/NavigationComponents/__tests__/PrivateRoute.test.tsx">
    <testCase name="PrivateRoutes should navigate to login if not logged in" duration="15"/>
    <testCase name="PrivateRoutes should not navigate if logged in" duration="2"/>
  </file>
  <file path="/home/runner/work/atm-layer-web-console/atm-layer-web-console/src/components/FormComponents/__tests__/UploadField.test.tsx">
    <testCase name="UploadField Component should render the UploadFileWithButton component and handle file upload" duration="67"/>
    <testCase name="UploadField Component should render without titleField" duration="16"/>
  </file>
  <file path="/home/runner/work/atm-layer-web-console/atm-layer-web-console/src/hook/__tests__/formOption.test.tsx">
    <testCase name="formOption Test test get values" duration="2"/>
  </file>
  <file path="/home/runner/work/atm-layer-web-console/atm-layer-web-console/src/pages/__tests__/ErrorPageUsersInDb.test.tsx">
    <testCase name="ErrorPageUsersInDb renders correctly" duration="85"/>
  </file>
  <file path="/home/runner/work/atm-layer-web-console/atm-layer-web-console/src/pages/Banks/__tests__/BankDetailPage.test.tsx">
    <testCase name="BankDetailPage Test BankDetailPage with sessionStorage" duration="153"/>
  </file>
  <file path="/home/runner/work/atm-layer-web-console/atm-layer-web-console/src/pages/Resources/__tests__/CreateResourcesPage.test.tsx">
    <testCase name="CreateResourcesPage test First render" duration="165"/>
  </file>
  <file path="/home/runner/work/atm-layer-web-console/atm-layer-web-console/src/pages/Bpmn/__tests__/CreateBpmnPage.test.tsx">
    <testCase name="CreateBpmnPage render" duration="106"/>
  </file>
  <file path="/home/runner/work/atm-layer-web-console/atm-layer-web-console/src/hook/fetch/__tests__/fetchRequest.test.ts">
    <testCase name="formOption Test Verifica la presenza dei dati in valueObject" duration="2"/>
  </file>
  <file path="/home/runner/work/atm-layer-web-console/atm-layer-web-console/src/pages/WorkflowResource/__tests__/CreateWRPage.test.tsx">
    <testCase name="CreateWRPage render" duration="139"/>
  </file>
  <file path="/home/runner/work/atm-layer-web-console/atm-layer-web-console/src/components/CardComponents/__tests__/HomeCardComponent.test.tsx">
    <testCase name="HomeCardComponent test First render" duration="87"/>
  </file>
  <file path="/home/runner/work/atm-layer-web-console/atm-layer-web-console/src/components/TitleComponents/__tests__/HomePageTitle.test.tsx">
    <testCase name="HomePageTitle Check for HomePageTitle" duration="38"/>
  </file>
  <file path="/home/runner/work/atm-layer-web-console/atm-layer-web-console/src/components/Commons/__tests__/IconBox.test.tsx">
    <testCase name="ActionIcon test First render" duration="20"/>
  </file>
  <file path="/home/runner/work/atm-layer-web-console/atm-layer-web-console/src/components/NavigationComponents/__tests__/BreadcrumbComponent.test.tsx">
    <testCase name="BreadcrumbComponent Check for breadcrumbs" duration="22"/>
  </file>
  <file path="/home/runner/work/atm-layer-web-console/atm-layer-web-console/src/components/TitleComponents/__tests__/TitleComponent.test.tsx">
    <testCase name="HomePageTitle Check for HomePageTitle" duration="24"/>
  </file>
  <file path="/home/runner/work/atm-layer-web-console/atm-layer-web-console/src/components/Commons/__tests__/ActionIcon.test.tsx">
    <testCase name="ActionIcon test First render" duration="44"/>
  </file>
  <file path="/home/runner/work/atm-layer-web-console/atm-layer-web-console/src/components/NavigationComponents/__tests__/Breadcrumb.test.tsx">
    <testCase name="BreadCrumb Component renders the correct breadcrumbs" duration="22"/>
  </file>
  <file path="/home/runner/work/atm-layer-web-console/atm-layer-web-console/src/pages/__tests__/ErrorPage.test.tsx">
    <testCase name="ErrorPage render" duration="25"/>
  </file>
</testExecutions>