<?xml version="1.0" encoding="UTF-8"?>
<testExecutions version="1">
  <file path="/home/runner/work/atm-layer-web-console/atm-layer-web-console/src/components/Commons/__tests__/Commons.test.tsx">
    <testCase name="resetErrors reset specific error" duration="5"/>
    <testCase name="resetErrors should not reset a specific field error if it does not exist" duration="0"/>
    <testCase name="getQueryString querystring PROCESS_RESOURCES" duration="1"/>
    <testCase name="getQueryString querystring RESOURCES" duration="0"/>
    <testCase name="getQueryString querystring WORKFLOW_RESOURCE" duration="0"/>
    <testCase name="getQueryString querystring DELETE_ASSOCIATION" duration="1"/>
    <testCase name="getQueryString querystring driver not present" duration="0"/>
    <testCase name="getQueryString handleSnackbar success" duration="2"/>
    <testCase name="getQueryString handleSnackbar error" duration="1"/>
    <testCase name="getQueryString breadCrumbLinkComponent render link and message" duration="47"/>
    <testCase name="commonBreadRoot generate link for BPMN" duration="1"/>
    <testCase name="commonBreadRoot generate link for BPMN detail page" duration="1"/>
    <testCase name="commonBreadRoot generate link for Static Resource" duration="0"/>
    <testCase name="commonBreadRoot generate link for Static Resource detail page" duration="0"/>
    <testCase name="commonBreadRoot generate link for Workflow Resource" duration="1"/>
    <testCase name="commonBreadRoot generate link for Workflow Resource detail page" duration="0"/>
    <testCase name="getTextModal check for title and message in cases" duration="1"/>
    <testCase name="getTextModal check error in default case" duration="0"/>
    <testCase name="Test removeArrayItems method removes undefined indexes, orders them, removes corresponding items from array" duration="0"/>
    <testCase name="Test removeArrayItem remove item from array defined" duration="0"/>
    <testCase name="getProfileIdsArray should return profile ids array" duration="0"/>
    <testCase name="getProfileDescriptions should return profile descriptions array" duration="0"/>
    <testCase name="getProfileDescriptionByProfileArray should return profile descriptions by profile array" duration="0"/>
    <testCase name="getRoleDescriptionsByUser should return role descriptions by user" duration="0"/>
    <testCase name="getFilteredButtonConfig should return filtered button configs" duration="0"/>
    <testCase name="addDependentProfiles should return dependent profiles" duration="1"/>
    <testCase name="getProfileDescriptionFromStorage should return profile ids array from storage" duration="0"/>
    <testCase name="convertStringToProfiles should convert profile descriptions to profile ids" duration="0"/>
    <testCase name="convertProfileToString should convert profile ids to profile descriptions" duration="0"/>
    <testCase name="convertProfileToString should not change errors if field is not present" duration="0"/>
    <testCase name="convertProfileToString should return empty query string when filterValues is empty" duration="0"/>
    <testCase name="convertProfileToString should return empty query string when filterValues is null" duration="1"/>
    <testCase name="convertProfileToString should show default error message if valueMessage is not provided" duration="1"/>
    <testCase name="convertProfileToString should return the original array if indexes is empty" duration="0"/>
    <testCase name="convertProfileToString should return an empty array if user has no profiles" duration="0"/>
    <testCase name="convertProfileToString should return unique profiles with dependent profiles added" duration="1"/>
    <testCase name="convertProfileToString should return the same profiles if no dependent profiles" duration="0"/>
    <testCase name="convertProfileToString should return an empty array if profile descriptions do not match" duration="0"/>
    <testCase name="convertProfileToString should return an empty array if profile ids do not match" duration="0"/>
  </file>
  <file path="/home/runner/work/atm-layer-web-console/atm-layer-web-console/src/components/DataGrid/__tests__/UsersDataGrid.test.tsx">
    <testCase name="UsersDataGrid test renders UsersDataGrid and loads data" duration="333"/>
    <testCase name="UsersDataGrid test opens ModalUsers on create user click" duration="314"/>
    <testCase name="UsersDataGrid test UsersDataGrid Test with empty table" duration="124"/>
    <testCase name="UsersDataGrid test UsersDataGrid Test without response" duration="198"/>
    <testCase name="UsersDataGrid test UsersDataGrid Test Catch Error" duration="144"/>
    <testCase name="UsersDataGrid test renders ModalUsers when open is true" duration="323"/>
    <testCase name="UsersDataGrid test renders CustomNoRowsOverlay with correct message when no users are present" duration="124"/>
    <testCase name="UsersDataGrid test renders CustomNoRowsOverlay with correct message when no users are present" duration="89"/>
    <testCase name="UsersDataGrid test renders ModalUsers when open is true" duration="188"/>
  </file>
  <file path="/home/runner/work/atm-layer-web-console/atm-layer-web-console/src/components/DataGrid/Filters/__tests__/FilterBar.test.tsx">
    <testCase name="FilterBar test Test FilterBar without driver" duration="72"/>
    <testCase name="FilterBar test Test FilterBar with PROCESS_RESOURCES and Click on Cancella Filtri and Crea Risorsa" duration="104"/>
    <testCase name="FilterBar test Test FilterBar with PROCESS_RESOURCES and Filter with all the filters" duration="55"/>
    <testCase name="FilterBar test Test FilterBar with PROCESS_RESOURCES and Filter with status" duration="61"/>
    <testCase name="FilterBar test Test FilterBar with RESOURCES and Click on Cancella Filtri and Crea Risorsa" duration="46"/>
    <testCase name="FilterBar test Test FilterBar with RESOURCES and Filter with fileName" duration="22"/>
    <testCase name="FilterBar test Test FilterBar with RESOURCES and Filter with noDeployableResourceType from some value to empty" duration="23"/>
    <testCase name="FilterBar test Test FilterBar with WORKFLOW_RESOURCE and click on Crea Risorsa and Cancella Filtri" duration="38"/>
    <testCase name="FilterBar test Test FilterBar with WORKFLOW_RESOURCE and Filter with fileName" duration="33"/>
    <testCase name="FilterBar test Test FilterBar with WORKFLOW_RESOURCE and Filter with resourceType from some value to empty" duration="28"/>
    <testCase name="FilterBar test Test FilterBar with WORKFLOW_RESOURCE and Filter with status from some value to empty" duration="35"/>
    <testCase name="FilterBar test Test FilterBar with BANKS and Filter with acquirerId" duration="16"/>
    <testCase name="FilterBar test Test FilterBar with BANKS and Filter with denomination" duration="16"/>
    <testCase name="FilterBar test Test FilterBar with USERS and Filter with name" duration="24"/>
    <testCase name="FilterBar test Test FilterBar with USERS and Filter with surname" duration="25"/>
    <testCase name="FilterBar test Test FilterBar with USERS and Filter with userId" duration="26"/>
    <testCase name="FilterBar test Test FilterBar with USERS and Click on Cancella Filtri and Filtra" duration="39"/>
    <testCase name="FilterBar test Test FilterBar with TRANSACTIONS and Filter with transactionId" duration="67"/>
    <testCase name="FilterBar test Test FilterBar with TRANSACTIONS and Filter with transactionStatus" duration="47"/>
    <testCase name="FilterBar test Test FilterBar with TRANSACTIONS and Filter with functionType" duration="45"/>
    <testCase name="FilterBar test Test FilterBar with TRANSACTIONS and Filter with acquirerId" duration="44"/>
    <testCase name="FilterBar test Test FilterBar with TRANSACTIONS and Filter with branchId" duration="44"/>
    <testCase name="FilterBar test Test FilterBar with TRANSACTIONS and Filter with terminalId" duration="40"/>
    <testCase name="FilterBar test Test FilterBar with TRANSACTIONS and Filter with startTime" duration="43"/>
    <testCase name="FilterBar test Test FilterBar with TRANSACTIONS and Filter with endTime" duration="61"/>
    <testCase name="FilterBar test Test FilterBar with TRANSACTIONS and Click on Cancella Filtri and Filtra" duration="92"/>
    <testCase name="FilterBar test Test FilterBar with TRANSACTIONS and Filter with startTime and endTime on the same day with 5-second rule" duration="65"/>
    <testCase name="FilterBar test Test FilterBar with TRANSACTIONS and Filter with startTime and endTime on different days" duration="40"/>
    <testCase name="FilterBar test Test validateDateRange correctly handles valid dates" duration="71"/>
    <testCase name="FilterBar test Test setting error when endTime is before startTime" duration="1505"/>
    <testCase name="FilterBar test Test validateDateRange correctly handles valid dates" duration="50"/>
    <testCase name="FilterBar test Test minDateTime for endTime is set correctly" duration="2328"/>
  </file>
  <file path="/home/runner/work/atm-layer-web-console/atm-layer-web-console/src/components/FormComponents/FormsWorkflowResource/__tests__/ModalWR.test.tsx">
    <testCase name="ModalResources Test Test ModalWR with ROLLBACK" duration="125"/>
    <testCase name="ModalResources Test Test Catch Error during ROLLBACK" duration="37"/>
    <testCase name="ModalResources Test Test ModalWR with DEPLOY" duration="3028"/>
    <testCase name="ModalResources Test Test Catch Error during DEPLOY" duration="21"/>
    <testCase name="ModalResources Test Test ModalWR with DELETE" duration="25"/>
    <testCase name="ModalResources Test Test Catch Error during DELETE" duration="27"/>
    <testCase name="ModalResources Test Test ModalWR with DOWNLOAD DMN" duration="3027"/>
    <testCase name="ModalResources Test Test ModalWR with DOWNLOAD BPMN" duration="3025"/>
    <testCase name="ModalResources Test Test ModalWR with DOWNLOAD FORM" duration="3024"/>
    <testCase name="ModalResources Test Test Catch Error during DOWNLOAD" duration="22"/>
  </file>
  <file path="/home/runner/work/atm-layer-web-console/atm-layer-web-console/src/hook/Grids/__tests__/useColumns.test.ts">
    <testCase name="useColumns should return correct navigation paths for PROCESS_RESOURCES" duration="3"/>
    <testCase name="useColumns should return correct navigation paths for RESOURCES" duration="1"/>
    <testCase name="useColumns should return correct navigation paths for WORKFLOW_RESOURCE" duration="0"/>
    <testCase name="useColumns should return correct record BPMN params" duration="1"/>
    <testCase name="useColumns should return correct columns for PROCESS_RESOURCES" duration="7"/>
    <testCase name="useColumns should return correct columns for BPMN_ASSOCIATED" duration="18"/>
    <testCase name="useColumns should return correct columns for RESOURCES" duration="2"/>
    <testCase name="useColumns should return correct columns for WORKFLOW_RESOURCE" duration="5"/>
    <testCase name="useColumns should return correct visible columns for PROCESS_RESOURCES" duration="0"/>
    <testCase name="useColumns should return correct visible columns for BPMN_ASSOCIATED" duration="1"/>
    <testCase name="useColumns should return correct visible columns for RESOURCES" duration="0"/>
    <testCase name="useColumns should return correct visible columns for WORKFLOW_RESOURCE" duration="1"/>
    <testCase name="useColumns should generate correct path for invalid driver" duration="0"/>
    <testCase name="useColumns should return empty array for invalid driver in getColumnsGrid" duration="1"/>
    <testCase name="useColumns should return empty object for invalid driver in getVisibleColumns" duration="0"/>
    <testCase name="useColumns should return empty object for invalid driver in getRecordBpmnParams" duration="0"/>
  </file>
  <file path="/home/runner/work/atm-layer-web-console/atm-layer-web-console/src/components/FormComponents/FormUsers/__tests__/ModalUser.test.tsx">
    <testCase name="ModalUsers component renders correctly for CREATE_USER" duration="149"/>
    <testCase name="ModalUsers component renders correctly for UPDATE_USER" duration="102"/>
    <testCase name="ModalUsers component renders correctly for DELETE_USER" duration="27"/>
    <testCase name="ModalUsers component handles multi-select change correctly" duration="740"/>
    <testCase name="ModalUsers component sets initial formData and errors when modal opens for CREATE_USER" duration="39"/>
    <testCase name="ModalUsers component handles form submission for DELETE_USER" duration="30"/>
    <testCase name="ModalUsers component catches error from form submission for DELETE_USER" duration="47"/>
    <testCase name="ModalUsers component handles form submission for CREATE_USER response success" duration="3669"/>
    <testCase name="ModalUsers component handles form submission for CREATE_USER response NOT success" duration="3606"/>
    <testCase name="ModalUsers component catches error from form submission for CREATE_USER" duration="3518"/>
    <testCase name="ModalUsers component handles form submission for UPDATE_USER" duration="3087"/>
    <testCase name="ModalUsers component catches error from form submission for UPDATE_USER" duration="3084"/>
    <testCase name="ModalUsers component handles default case in handleSubmit" duration="61"/>
    <testCase name="ModalUsers component calls resetErrors when handleChange is triggered" duration="43"/>
    <testCase name="ModalUsers component sets formData and errors correctly when modal opens for UPDATE_USER" duration="71"/>
    <testCase name="ModalUsers component does not submit form when validation fails for CREATE_USER" duration="63"/>
    <testCase name="ModalUsers component does nothing when an unknown type is provided" duration="49"/>
  </file>
  <file path="/home/runner/work/atm-layer-web-console/atm-layer-web-console/src/components/DataGrid/__tests__/TableColumn.test.tsx">
    <testCase name="TableColumn test Test showCustomHeader" duration="33"/>
    <testCase name="TableColumn test Test renderCell" duration="15"/>
    <testCase name="TableColumn test Test actionColumn" duration="38"/>
    <testCase name="TableColumn test Test deleteColumn" duration="8"/>
    <testCase name="TableColumn test Test deleteColumnBank" duration="5"/>
    <testCase name="TableColumn test Test deleteColumnUsers self" duration="2"/>
    <testCase name="TableColumn test Test deleteColumnUsers" duration="5"/>
    <testCase name="TableColumn test editColumnUsers handles setting state and session storage correctly" duration="5"/>
    <testCase name="TableColumn test deleteColumnUsers should not show delete button for the logged-in user" duration="1"/>
    <testCase name="TableColumn test deleteColumnUsers should show delete button for a different user" duration="8"/>
    <testCase name="TableColumn test deleteColumnBank handles setting state and session storage correctly" duration="5"/>
  </file>
  <file path="/home/runner/work/atm-layer-web-console/atm-layer-web-console/src/pages/Transactions/__tests__/TransactionsDataGrid.test.tsx">
    <testCase name="TransactionDataGrid test TransactionDataGrid Test" duration="479"/>
    <testCase name="TransactionDataGrid test TransactionDataGrid Test with empty table" duration="134"/>
    <testCase name="TransactionDataGrid test TransactionDataGrid Test without response" duration="175"/>
    <testCase name="TransactionDataGrid test TransactionDataGrid Test with fetch error" duration="159"/>
  </file>
  <file path="/home/runner/work/atm-layer-web-console/atm-layer-web-console/src/components/DataGrid/__tests__/BanksDataGrid.test.tsx">
    <testCase name="BankDataGrid test BankDataGrid fetches and displays data on load" duration="276"/>
    <testCase name="BankDataGrid test BankDataGrid shows no rows overlay when there are no results" duration="113"/>
    <testCase name="BankDataGrid test BankDataGrid handles fetch error gracefully" duration="106"/>
    <testCase name="BankDataGrid test BankDataGrid handles empty response" duration="90"/>
    <testCase name="BankDataGrid test BankDataGrid can apply filters and fetch filtered data" duration="231"/>
  </file>
  <file path="/home/runner/work/atm-layer-web-console/atm-layer-web-console/src/components/FormComponents/FormsBpmn/__tests__/AssociateBpmn.test.tsx">
    <testCase name="AssociateBpmn Test AssociateBpmn with invalid form" duration="95"/>
    <testCase name="AssociateBpmn Test AssociateBpmn With only acquirerId positive case" duration="72"/>
    <testCase name="AssociateBpmn Test AssociateBpmn With only acquirerId negative case with already an association on another BPMN" duration="53"/>
    <testCase name="AssociateBpmn Test AssociateBpmn With only acquirerId negative case with already an association on another BPMN catch case" duration="47"/>
    <testCase name="AssociateBpmn Test AssociateBpmn on switch of branchId" duration="203"/>
    <testCase name="AssociateBpmn Test AssociateBpmn fetch failed" duration="41"/>
    <testCase name="AssociateBpmn Test handleSwitchAssociationFetch indirectly by simulating button click" duration="27"/>
  </file>
  <file path="/home/runner/work/atm-layer-web-console/atm-layer-web-console/src/components/Commons/__tests__/ActionAlert.test.tsx">
    <testCase name="ActionAlert render with error" duration="62"/>
    <testCase name="ActionAlert render with warning" duration="9"/>
    <testCase name="ActionAlert render without openSnackBar" duration="3"/>
    <testCase name="ActionAlert navigate to RESOURCES when type is DELETE_RES" duration="9"/>
    <testCase name="ActionAlert navigate to WORKFLOW_RESOURCES when type is DELETE_WR" duration="7"/>
    <testCase name="ActionAlert reload page when type is included in DEPLOY_VALUES" duration="14"/>
    <testCase name="ActionAlert navigate to BPMN when type is DELETE_BPMN with success" duration="11"/>
    <testCase name="ActionAlert should not navigate when type is DELETE_WR and severity is error" duration="6"/>
    <testCase name="ActionAlert navigate to WR when type is DELETE_WR and severity is success" duration="10"/>
    <testCase name="ActionAlert should not navigate when type is DELETE_RES and severity is error" duration="9"/>
    <testCase name="ActionAlert navigate to Resources when type is DELETE_RES and severity is success" duration="12"/>
    <testCase name="ActionAlert setOpenSnackBar(false) when type is not in DEPLOY_VALUES and not matching any other case" duration="7"/>
  </file>
  <file path="/home/runner/work/atm-layer-web-console/atm-layer-web-console/src/components/FormComponents/template/__tests__/ModalTemplateUpload.test.tsx">
    <testCase name="ModalTemplateUpload Test Test ModalTemplateUpload case UPDATE_WR" duration="3117"/>
    <testCase name="ModalTemplateUpload Test Test Check Error when UPDATE_WR" duration="83"/>
    <testCase name="ModalTemplateUpload Test Test clear button in UPDATE_WR" duration="74"/>
    <testCase name="ModalTemplateUpload Test Test ModalTemplateUpload case UPDATE_RES" duration="58"/>
    <testCase name="ModalTemplateUpload Test Test dialog close" duration="33"/>
    <testCase name="ModalTemplateUpload Test Test dialog close" duration="34"/>
    <testCase name="ModalTemplateUpload Test Test form validation" duration="37"/>
    <testCase name="ModalTemplateUpload Test Test ModalTemplateUpload case UPDATE_RES" duration="3065"/>
    <testCase name="ModalTemplateUpload Test Test Check Error when UPDATE_RES" duration="52"/>
    <testCase name="ModalTemplateUpload Test Update with different file extensions should fail" duration="28"/>
  </file>
  <file path="/home/runner/work/atm-layer-web-console/atm-layer-web-console/src/components/FormComponents/FormsResources/__tests__/CreateResources.test.tsx">
    <testCase name="CreateResources Test Test CreateResources Single Upload" duration="263"/>
    <testCase name="CreateResources Test Test CreateResources Multi Upload: switch to multiupload form" duration="132"/>
    <testCase name="CreateResources Test Test CreateResources Multi Upload: upload and delete files" duration="267"/>
    <testCase name="CreateResources Test Test CreateResources Multi Upload: upload files 200 OK" duration="172"/>
    <testCase name="CreateResources Test Test CReateResources Multi Upload: validate filenames on submit" duration="141"/>
  </file>
  <file path="/home/runner/work/atm-layer-web-console/atm-layer-web-console/src/components/FormComponents/FormsBank/__tests__/ModalBank.test.tsx">
    <testCase name="ModalBank Test Test ModalBank with CREATE_BANK fetch success" duration="3541"/>
    <testCase name="ModalBank Test Test ModalBank with CREATE_BANK fetch not success" duration="3220"/>
    <testCase name="ModalBank Test Test ModalBank with CREATE_BANK catch error" duration="3174"/>
    <testCase name="ModalBank Test Test ModalBank with DELETE_BANK" duration="3026"/>
    <testCase name="ModalBank Test Test ModalBank with UPDATE_BANK fetch not success" duration="3106"/>
    <testCase name="ModalBank Test Test ModalBank with UPDATE_BANK catch error" duration="3093"/>
    <testCase name="ModalBank Test Test ModalBank with UPDATE_BANK fetch success" duration="3091"/>
    <testCase name="ModalBank Test Test API Error during CREATE_BANK" duration="3055"/>
    <testCase name="ModalBank Test Test API Error during DELETE_BANK" duration="3051"/>
    <testCase name="ModalBank Test Test API Error during UPDATE_BANK" duration="3390"/>
    <testCase name="ModalBank Test Test ModalBank without type" duration="21"/>
    <testCase name="ModalBank Test Test resetErrors when changing input" duration="76"/>
    <testCase name="ModalBank Test Test handleClose resets form and errors" duration="96"/>
    <testCase name="ModalBank Test Test validateForm with only limit or period set" duration="70"/>
    <testCase name="ModalBank Test Test form fields rendering for CREATE_BANK and UPDATE_BANK" duration="95"/>
    <testCase name="ModalBank Test Test onChange only numbers allowed in numeric fields" duration="47"/>
    <testCase name="ModalBank Test should allow empty limit and period" duration="196"/>
    <testCase name="ModalBank Test should display error when burstLimit or rateLimit is zero" duration="139"/>
    <testCase name="ModalBank Test should reset form and close modal when Annulla is clicked" duration="92"/>
    <testCase name="ModalBank Test should update form data on input change" duration="67"/>
    <testCase name="ModalBank Test should prevent non-numeric input in numeric fields" duration="32"/>
    <testCase name="ModalBank Test should display error message when server returns an error during CREATE_BANK" duration="3100"/>
    <testCase name="ModalBank Test should render all form fields correctly" duration="54"/>
    <testCase name="ModalBank Test should validate form when required fields are missing" duration="63"/>
    <testCase name="ModalBank Test should handle error during form submission" duration="1127"/>
    <testCase name="ModalBank Test should handle submission error" duration="1094"/>
    <testCase name="ModalBank Test should reset form and close modal when submission is cancelled" duration="29"/>
  </file>
  <file path="/home/runner/work/atm-layer-web-console/atm-layer-web-console/src/components/FormComponents/FormsBpmn/__tests__/UpgradeBpmn.test.tsx">
    <testCase name="UpgradeBpmn Submit form with valid input" duration="127"/>
    <testCase name="UpgradeBpmn Test UpgradeBpmn fetch failed" duration="89"/>
    <testCase name="UpgradeBpmn Submit form with invalid input" duration="50"/>
    <testCase name="UpgradeBpmn Test UpgradeBpmn delete uploaded file" duration="99"/>
    <testCase name="UpgradeBpmn Test UpgradeBpmn fetch error" duration="83"/>
  </file>
  <file path="/home/runner/work/atm-layer-web-console/atm-layer-web-console/src/components/FormComponents/FormsBpmn/__tests__/ModalBpmn.test.tsx">
    <testCase name="ModalBpmn Test Test ModalBpmn with DELETE" duration="96"/>
    <testCase name="ModalBpmn Test Test ModalBpmn with DEPLOY" duration="3042"/>
    <testCase name="ModalBpmn Test Test ModalBpmn with DELETE ASSOCIATION" duration="35"/>
    <testCase name="ModalBpmn Test Test Error during DELETE" duration="28"/>
    <testCase name="ModalBpmn Test Test Error during DEPLOY" duration="23"/>
    <testCase name="ModalBpmn Test Test Error during DELETE ASSOCIATION" duration="14"/>
    <testCase name="ModalBpmn Test Test Error during DOWNLOAD" duration="33"/>
    <testCase name="ModalBpmn Test Test ModalBpmn with DOWNLOAD" duration="50"/>
    <testCase name="ModalBpmn Test Test ModalBpmn without type" duration="47"/>
  </file>
  <file path="/home/runner/work/atm-layer-web-console/atm-layer-web-console/src/utils/__tests__/formatValues.test.ts">
    <testCase name="formatValues tests Verifica la formattazione di un valore vuoto" duration="3"/>
    <testCase name="formatValues tests Verifica la formattazione di due valori" duration="1"/>
    <testCase name="formatValues tests Verifica la formattazione di una percentuale e di una valuta" duration="0"/>
    <testCase name="formatValues tests Verifica la conversione di una stringa con separatore decimale da , a . in float" duration="1"/>
    <testCase name="formatValues tests Verifica la formattazione di una stringa di data nel formato &quot;gg-mm-aaaa&quot; in &quot;aaaa-mm-gg&quot;" duration="1"/>
    <testCase name="formatValues tests Verifica la formattazione di una data in una stringa nel formato &quot;hh:mm&quot;" duration="1"/>
    <testCase name="formatValues tests Verifica la formattazione di una data per un picker" duration="4"/>
    <testCase name="formatValues tests Verifica estrazione anno da una stringa di data" duration="1"/>
    <testCase name="formatValues tests Verifica la formattazione di una data da &quot;gg/mm/aaaa&quot; a &quot;mm/gg/aaaa&quot;" duration="0"/>
    <testCase name="formatValues tests Verifica la creazione della data" duration="1"/>
    <testCase name="formatValues tests Verifica la formattazione di una stringa di data" duration="1"/>
    <testCase name="formatValues tests Verifica la funzione checkValue" duration="1"/>
    <testCase name="formatValues tests Verifica la funzione checkEmpty" duration="0"/>
    <testCase name="formatValues tests Verifica la formattazione del percentuale" duration="1"/>
    <testCase name="formatValues tests Verifica la formattazione della valuta" duration="0"/>
    <testCase name="formatValues tests Verifica la combinazione di due valori" duration="1"/>
    <testCase name="formatValues tests Verifica la formattazione in minuscolo con valore" duration="0"/>
    <testCase name="formatValues tests Verifica la formattazione in minuscolo senza valore" duration="1"/>
    <testCase name="formatValues tests Verifica la formattazione della data" duration="0"/>
    <testCase name="formatValues tests Estrai estensione file" duration="1"/>
  </file>
  <file path="/home/runner/work/atm-layer-web-console/atm-layer-web-console/src/components/Commons/__tests__/DetailButtons.test.tsx">
    <testCase name="DetailButtons renders buttons with correct text" duration="56"/>
    <testCase name="DetailButtons calls setType and openDialog when button is clicked" duration="22"/>
    <testCase name="DetailButtons navigates to correct route when navigate property is provided" duration="17"/>
    <testCase name="DetailButtons disables button when disabledCondition is true" duration="5"/>
    <testCase name="DetailButtons does not call setType, openDialog, or navigate when button is clicked and disabledCondition is true" duration="7"/>
    <testCase name="DetailButtons does not navigate when navigate property is not provided" duration="5"/>
    <testCase name="DetailButtons does not call setType, openDialog, or navigate when button is clicked and disabledCondition is not provided" duration="7"/>
  </file>
  <file path="/home/runner/work/atm-layer-web-console/atm-layer-web-console/src/components/HeaderComponents/__tests__/HeaderAccountCustom.test.tsx">
    <testCase name="HeaderAccountCustom does not show EmulatorButton when in PROD environment" duration="173"/>
    <testCase name="HeaderAccountCustom logout button works" duration="32"/>
    <testCase name="HeaderAccountCustom getUserInfo should log an error when fetchRequest throws an error" duration="27"/>
  </file>
  <file path="/home/runner/work/atm-layer-web-console/atm-layer-web-console/src/components/DataGrid/__tests__/WorkflowResourceDataGrid.test.tsx">
    <testCase name="WorkflowResourceDataGrid test WorkflowResourceDataGrid.test Test" duration="432"/>
    <testCase name="WorkflowResourceDataGrid test WorkflowResourceDataGrid.test Test with empty table" duration="565"/>
    <testCase name="WorkflowResourceDataGrid test WorkflowResourceDataGrid Test without response" duration="185"/>
    <testCase name="WorkflowResourceDataGrid test WorkflowResourceDataGrid Catch Error" duration="158"/>
  </file>
  <file path="/home/runner/work/atm-layer-web-console/atm-layer-web-console/src/components/Menu/__tests__/CustomAppBar.test.tsx">
    <testCase name="CustomAppBar renders menu buttons based on user profile" duration="121"/>
    <testCase name="CustomAppBar opens and closes the drawer when clicking the menu icon" duration="500"/>
    <testCase name="CustomAppBar opens and closes the drawer when clicking the menu icon" duration="520"/>
  </file>
  <file path="/home/runner/work/atm-layer-web-console/atm-layer-web-console/src/components/DataGrid/__tests__/ResourcesDataGrid.test.tsx">
    <testCase name="ResourcesDataGrid test ResourcesDataGrid.test Test" duration="502"/>
    <testCase name="ResourcesDataGrid test ResourcesDataGrid.test Test with empty table" duration="165"/>
    <testCase name="ResourcesDataGrid test ResourcesDataGrid Test without response" duration="127"/>
    <testCase name="ResourcesDataGrid test ResourcesDataGrid Test Catch Error" duration="135"/>
  </file>
  <file path="/home/runner/work/atm-layer-web-console/atm-layer-web-console/src/components/DataGrid/__tests__/BpmnDataGrid.test.tsx">
    <testCase name="BpmnDataGrid test BpmnDataGrid Test" duration="549"/>
    <testCase name="BpmnDataGrid test BpmnDatgrid Test with empty table" duration="203"/>
    <testCase name="BpmnDataGrid test BpmnDaGrid Test without response" duration="172"/>
    <testCase name="BpmnDataGrid test BpmnDaGrid Test with fetch error" duration="133"/>
  </file>
  <file path="/home/runner/work/atm-layer-web-console/atm-layer-web-console/src/components/FormComponents/template/__tests__/ModalTemplate.test.tsx">
    <testCase name="ModalTemplate test should display the modal with title and content text when open" duration="125"/>
    <testCase name="ModalTemplate test should call setOpen with false when Annulla button is clicked" duration="18"/>
    <testCase name="ModalTemplate test should call custom handleClose when provided and &apos;Annulla&apos; is clicked" duration="19"/>
    <testCase name="ModalTemplate test should use default handleClose if no custom handleClose is provided" duration="23"/>
    <testCase name="ModalTemplate test should call handleSubmit when Conferma button is clicked" duration="33"/>
    <testCase name="ModalTemplate test should display loading spinner on Conferma button when loading is true" duration="27"/>
    <testCase name="ModalTemplate test should render children components when passed" duration="19"/>
  </file>
  <file path="/home/runner/work/atm-layer-web-console/atm-layer-web-console/src/components/DataGrid/__tests__/BpmnAssociatedDataGrid.test.tsx">
    <testCase name="BpmnAssociatedDataGrid test BpmnAssociatedDataGrid Test with next page click" duration="279"/>
    <testCase name="BpmnAssociatedDataGrid test BpmnAssociatedDataGrid Test with empty table" duration="71"/>
    <testCase name="BpmnAssociatedDataGrid test BpmnAssociatedDataGrid Test without response" duration="57"/>
    <testCase name="BpmnAssociatedDataGrid test BpmnAssociatedDataGrid Test with fetch error" duration="47"/>
  </file>
  <file path="/home/runner/work/atm-layer-web-console/atm-layer-web-console/src/pages/Layout/__tests__/PageLayout.test.tsx">
    <testCase name="PageLayout test Test render PageLayout component with loading false and no userEmail nor token" duration="37"/>
    <testCase name="PageLayout test Test render PageLayout component with loading true and no userEmail with token" duration="7"/>
  </file>
  <file path="/home/runner/work/atm-layer-web-console/atm-layer-web-console/src/pages/Users/__tests__/UsersPage.test.tsx">
    <testCase name="UsersPage test renders UsersPage and checks initial state" duration="201"/>
  </file>
  <file path="/home/runner/work/atm-layer-web-console/atm-layer-web-console/src/components/FormComponents/FormsResources/__tests__/ModalResources.test.tsx">
    <testCase name="ModalResources Test Test ModalResources with DELETE" duration="120"/>
    <testCase name="ModalResources Test Test ModalResources with DOWNLOAD" duration="3047"/>
    <testCase name="ModalResources Test Test Catch Error during DELETE" duration="37"/>
    <testCase name="ModalResources Test Test Error during DOWNLOAD" duration="30"/>
    <testCase name="ModalResources Test Test ModalResources with default driver" duration="33"/>
  </file>
  <file path="/home/runner/work/atm-layer-web-console/atm-layer-web-console/src/components/FormComponents/FormsWorkflowResource/__tests__/CreateWR.test.tsx">
    <testCase name="CreateWR Test should successfully submit the form and display snackbar" duration="569"/>
    <testCase name="CreateWR Test should display validation errors when form is incomplete" duration="59"/>
    <testCase name="CreateWR Test should close the snackbar when CloseIcon is clicked" duration="160"/>
  </file>
  <file path="/home/runner/work/atm-layer-web-console/atm-layer-web-console/src/components/FormComponents/FormsBpmn/__tests__/CreateBpmn.test.tsx">
    <testCase name="CreateBpmn Test should close the snackbar when CloseIcon is clicked" duration="238"/>
    <testCase name="CreateBpmn Test should handle fetch error and close snackbar" duration="138"/>
    <testCase name="CreateBpmn Test should validate form and display errors when required fields are missing" duration="44"/>
  </file>
  <file path="/home/runner/work/atm-layer-web-console/atm-layer-web-console/src/pages/WorkflowResource/__tests__/WorkflowResourceDetailPage.test.tsx">
    <testCase name="Test WorkflowResourceDetailPage Test WorkflowResourceDetailPage with sessionStorage" duration="111"/>
    <testCase name="Test WorkflowResourceDetailPage Test WorkflowResourceDetailPage without sessionStorage" duration="45"/>
  </file>
  <file path="/home/runner/work/atm-layer-web-console/atm-layer-web-console/src/utils/__tests__/checks.test.ts">
    <testCase name="checks tests checkIsEmptyString restituisce true per stringhe vuote o con solo spazi" duration="3"/>
    <testCase name="checks tests isObjectEmpty restituisce true se l&apos;oggetto è vuoto, altrimenti false" duration="1"/>
    <testCase name="checks tests copyObject restituisce una copia profonda dell&apos;oggetto" duration="1"/>
    <testCase name="checks tests Restituisce una copia profonda di un array di oggetti" duration="2"/>
    <testCase name="checks tests isInvalidField restituisce true se il campo è undefined, null, una stringa vuota o un numero negativo" duration="2"/>
    <testCase name="checks tests isValidNumber restituisce true se una stringa rappresenta un numero intero valido" duration="1"/>
    <testCase name="checks tests isValidResourcesFilename restituisce true se il nome del file per risorse è valido" duration="1"/>
    <testCase name="checks tests isValidDeployableFilename restituisce true se il nome del file per il deploy è valido" duration="0"/>
    <testCase name="checks tests Restituisce undefined per un percorso valido con un nome file non valido" duration="0"/>
    <testCase name="checks tests Restituisce undefined per un percorso non valido" duration="0"/>
    <testCase name="checks tests Restituisce undefined per un percorso vuoto" duration="1"/>
  </file>
  <file path="/home/runner/work/atm-layer-web-console/atm-layer-web-console/src/pages/Resources/__tests__/ResourcesDetailPage.test.tsx">
    <testCase name="ResourcesDetailPage test Test ResourcesDetailPage with sessionStorage" duration="163"/>
    <testCase name="ResourcesDetailPage test Test ResourcesDetailPage without sessionStorage" duration="33"/>
  </file>
  <file path="/home/runner/work/atm-layer-web-console/atm-layer-web-console/src/pages/__tests__/HomePage.test.tsx">
    <testCase name="HomePage test First render" duration="101"/>
    <testCase name="HomePage test Checks if the correct cards are visible based on user profiles" duration="76"/>
  </file>
  <file path="/home/runner/work/atm-layer-web-console/atm-layer-web-console/src/components/FormComponents/template/__tests__/FormTemplate.test.tsx">
    <testCase name="Test FormTemplate Test FormTemplate with children AssociateBpmn" duration="136"/>
  </file>
  <file path="/home/runner/work/atm-layer-web-console/atm-layer-web-console/src/App.test.tsx">
    <testCase name="App component Test App without jwt in sessionStorage" duration="72"/>
    <testCase name="App component Test App with jwt in sessionStorage" duration="52"/>
    <testCase name="App component clearStorage function removes recordParamsUser from sessionStorage" duration="13"/>
    <testCase name="App component clearStorage function removes specified items from sessionStorage" duration="15"/>
  </file>
  <file path="/home/runner/work/atm-layer-web-console/atm-layer-web-console/src/components/FormComponents/__tests__/MultiSelect.test.tsx">
    <testCase name="MultiSelect component renders the checkbox with correct icon" duration="471"/>
    <testCase name="MultiSelect component renders selected checkbox with correct icon" duration="263"/>
    <testCase name="MultiSelect component calls handleChange with completeProfiles on change" duration="302"/>
  </file>
  <file path="/home/runner/work/atm-layer-web-console/atm-layer-web-console/src/pages/Bpmn/__tests__/BpmnDetailPage.test.tsx">
    <testCase name="BpmnDetailPage Test BpmnDetailPage with sessionStorage" duration="560"/>
    <testCase name="BpmnDetailPage Test BpmnDetailPage without sessionStorage" duration="125"/>
  </file>
  <file path="/home/runner/work/atm-layer-web-console/atm-layer-web-console/src/components/NavigationComponents/__tests__/EmulatorButton.test.tsx">
    <testCase name="EmulatorButton renders the button when user has EMULATOR profile" duration="53"/>
    <testCase name="EmulatorButton does not render the button when user does not have EMULATOR profile" duration="3"/>
    <testCase name="EmulatorButton opens the emulator URL in a new tab when clicked" duration="13"/>
    <testCase name="EmulatorButton opens the emulator URL without JWT in a new tab when JWT is not available" duration="10"/>
  </file>
  <file path="/home/runner/work/atm-layer-web-console/atm-layer-web-console/src/components/HeaderComponents/__tests__/Header.test.tsx">
    <testCase name="Header test renders Header component with logged out state" duration="30"/>
    <testCase name="Header test renders Header component with logged in state and handles logout" duration="42"/>
  </file>
  <file path="/home/runner/work/atm-layer-web-console/atm-layer-web-console/src/pages/__tests__/LoginPage.test.tsx">
    <testCase name="LoginPage renders without crashing" duration="50"/>
    <testCase name="LoginPage Test render and click Accedi no debug" duration="20"/>
    <testCase name="LoginPage Test render and click Accedi with debug" duration="16"/>
  </file>
  <file path="/home/runner/work/atm-layer-web-console/atm-layer-web-console/src/components/UploadFileComponents/__tests__/UploadFileWithButton.test.tsx">
    <testCase name="UploadFileWithButton Clear Uploaded File" duration="33"/>
    <testCase name="UploadFileWithButton Upload Allowed File" duration="12"/>
    <testCase name="UploadFileWithButton Uploaded File With Error" duration="18"/>
    <testCase name="UploadFileWithButton No File Uploaded With Error" duration="37"/>
  </file>
  <file path="/home/runner/work/atm-layer-web-console/atm-layer-web-console/src/components/HeaderComponents/__tests__/Logo.test.tsx">
    <testCase name="HeaderAccountCustom test First render" duration="29"/>
  </file>
  <file path="/home/runner/work/atm-layer-web-console/atm-layer-web-console/src/pages/Resources/__tests__/ResourcesPage.test.tsx">
    <testCase name="ResourcesPage test First render" duration="231"/>
  </file>
  <file path="/home/runner/work/atm-layer-web-console/atm-layer-web-console/src/components/Menu/__tests__/MenuButtons.test.tsx">
    <testCase name="MenuButtons renders button with the provided name" duration="46"/>
    <testCase name="MenuButtons renders icon when iconButton prop is provided" duration="21"/>
    <testCase name="MenuButtons does not call navigate when route prop is not provided" duration="13"/>
    <testCase name="MenuButtons sets anchorEl state when clicked" duration="9"/>
    <testCase name="MenuButtons Testing other ternary branches" duration="9"/>
  </file>
  <file path="/home/runner/work/atm-layer-web-console/atm-layer-web-console/src/components/FormComponents/template/__tests__/MultiSelect.test.tsx">
    <testCase name="MultiSelect component calls handleChangeWrapper with correct values when a new value is selected" duration="246"/>
  </file>
  <file path="/home/runner/work/atm-layer-web-console/atm-layer-web-console/src/pages/Bpmn/__tests__/AssociateBpmnPage.test.tsx">
    <testCase name="AssociateBpmnPage getItem recordParams case" duration="151"/>
    <testCase name="AssociateBpmnPage populates recordParams correctly when recordParamsString is present in sessionStorage" duration="49"/>
  </file>
  <file path="/home/runner/work/atm-layer-web-console/atm-layer-web-console/src/pages/Bpmn/__tests__/BpmnPage.test.tsx">
    <testCase name="BpmnPage test First render" duration="316"/>
  </file>
  <file path="/home/runner/work/atm-layer-web-console/atm-layer-web-console/src/pages/Transactions/__tests__/TransactionsPage.test.tsx">
    <testCase name="TransactionsPage test First render" duration="341"/>
  </file>
  <file path="/home/runner/work/atm-layer-web-console/atm-layer-web-console/src/commons/__tests__/decode.test.ts">
    <testCase name="decode file test Test base64_decode function" duration="2"/>
    <testCase name="decode file test Test base64_encode function" duration="1"/>
    <testCase name="decode file test download a file successfully" duration="4"/>
    <testCase name="decode file test download file doc null" duration="1"/>
    <testCase name="decode file test Test downloadStaticFile function" duration="1"/>
  </file>
  <file path="/home/runner/work/atm-layer-web-console/atm-layer-web-console/src/pages/WorkflowResource/__tests__/WorkflowResourcePage.test.tsx">
    <testCase name="WorkflowResourcePage render" duration="318"/>
  </file>
  <file path="/home/runner/work/atm-layer-web-console/atm-layer-web-console/src/components/NavigationComponents/__tests__/ProtectedRoute.test.tsx">
    <testCase name="ProtectedRoute renders protected content when user has the required profile" duration="28"/>
    <testCase name="ProtectedRoute redirects to unauthorized page when user does not have the required profile" duration="15"/>
  </file>
  <file path="/home/runner/work/atm-layer-web-console/atm-layer-web-console/src/pages/__tests__/LoginPageCallback.test.tsx">
    <testCase name="LoginPageCallback should navigate to HOME if token exists" duration="43"/>
    <testCase name="LoginPageCallback should navigate to LOGIN if token does not exist" duration="7"/>
  </file>
  <file path="/home/runner/work/atm-layer-web-console/atm-layer-web-console/src/pages/Banks/__tests__/BankPage.test.tsx">
    <testCase name="BankPage test First render" duration="246"/>
  </file>
  <file path="/home/runner/work/atm-layer-web-console/atm-layer-web-console/src/components/Detail/__tests__/DetailBank.test.tsx">
    <testCase name="DetailBank component renders DetailBody with correct detail prop" duration="12"/>
  </file>
  <file path="/home/runner/work/atm-layer-web-console/atm-layer-web-console/src/components/NavigationComponents/__tests__/PrivateRoute.test.tsx">
    <testCase name="PrivateRoutes should navigate to login if not logged in" duration="11"/>
    <testCase name="PrivateRoutes should not navigate if logged in" duration="1"/>
  </file>
  <file path="/home/runner/work/atm-layer-web-console/atm-layer-web-console/src/pages/Bpmn/__tests__/UpgradeBpmnPage.test.tsx">
    <testCase name="UpgradeBpmnPage Test UpgradeBpmnPage" duration="150"/>
    <testCase name="UpgradeBpmnPage populates recordParams correctly when recordParamsString is present in sessionStorage" duration="44"/>
  </file>
  <file path="/home/runner/work/atm-layer-web-console/atm-layer-web-console/src/components/FormComponents/__tests__/UploadField.test.tsx">
    <testCase name="UploadField Component should render the UploadFileWithButton component and handle file upload" duration="41"/>
    <testCase name="UploadField Component should render without titleField" duration="9"/>
  </file>
  <file path="/home/runner/work/atm-layer-web-console/atm-layer-web-console/src/hook/__tests__/formOption.test.tsx">
    <testCase name="formOption Test test get values" duration="2"/>
  </file>
  <file path="/home/runner/work/atm-layer-web-console/atm-layer-web-console/src/pages/Banks/__tests__/BankDetailPage.test.tsx">
    <testCase name="BankDetailPage Test BankDetailPage with sessionStorage" duration="149"/>
  </file>
  <file path="/home/runner/work/atm-layer-web-console/atm-layer-web-console/src/pages/__tests__/ErrorPageUsersInDb.test.tsx">
    <testCase name="ErrorPageUsersInDb renders correctly" duration="147"/>
  </file>
  <file path="/home/runner/work/atm-layer-web-console/atm-layer-web-console/src/pages/Resources/__tests__/CreateResourcesPage.test.tsx">
    <testCase name="CreateResourcesPage test First render" duration="159"/>
  </file>
  <file path="/home/runner/work/atm-layer-web-console/atm-layer-web-console/src/pages/WorkflowResource/__tests__/CreateWRPage.test.tsx">
    <testCase name="CreateWRPage render" duration="209"/>
  </file>
  <file path="/home/runner/work/atm-layer-web-console/atm-layer-web-console/src/hook/fetch/__tests__/fetchRequest.test.ts">
    <testCase name="formOption Test Verifica la presenza dei dati in valueObject" duration="2"/>
  </file>
  <file path="/home/runner/work/atm-layer-web-console/atm-layer-web-console/src/pages/Bpmn/__tests__/CreateBpmnPage.test.tsx">
    <testCase name="CreateBpmnPage render" duration="91"/>
  </file>
  <file path="/home/runner/work/atm-layer-web-console/atm-layer-web-console/src/components/CardComponents/__tests__/HomeCardComponent.test.tsx">
    <testCase name="HomeCardComponent test First render" duration="82"/>
  </file>
  <file path="/home/runner/work/atm-layer-web-console/atm-layer-web-console/src/components/TitleComponents/__tests__/HomePageTitle.test.tsx">
    <testCase name="HomePageTitle Check for HomePageTitle" duration="21"/>
  </file>
  <file path="/home/runner/work/atm-layer-web-console/atm-layer-web-console/src/components/TitleComponents/__tests__/TitleComponent.test.tsx">
    <testCase name="HomePageTitle Check for HomePageTitle" duration="34"/>
  </file>
  <file path="/home/runner/work/atm-layer-web-console/atm-layer-web-console/src/components/NavigationComponents/__tests__/BreadcrumbComponent.test.tsx">
    <testCase name="BreadcrumbComponent Check for breadcrumbs" duration="34"/>
  </file>
  <file path="/home/runner/work/atm-layer-web-console/atm-layer-web-console/src/components/Commons/__tests__/ActionIcon.test.tsx">
    <testCase name="ActionIcon test First render" duration="26"/>
  </file>
  <file path="/home/runner/work/atm-layer-web-console/atm-layer-web-console/src/components/Commons/__tests__/IconBox.test.tsx">
    <testCase name="ActionIcon test First render" duration="27"/>
  </file>
  <file path="/home/runner/work/atm-layer-web-console/atm-layer-web-console/src/pages/__tests__/ErrorPage.test.tsx">
    <testCase name="ErrorPage render" duration="25"/>
  </file>
  <file path="/home/runner/work/atm-layer-web-console/atm-layer-web-console/src/components/NavigationComponents/__tests__/Breadcrumb.test.tsx">
    <testCase name="BreadCrumb Component renders the correct breadcrumbs" duration="20"/>
  </file>
</testExecutions>